[2024-02-16T23:19:47.797+0000] {processor.py:157} INFO - Started process (PID=46) to work on /home/airflow/.local/lib/python3.8/site-packages/airflow/example_dags/tutorial_dag.py
[2024-02-16T23:19:47.798+0000] {processor.py:829} INFO - Processing file /home/airflow/.local/lib/python3.8/site-packages/airflow/example_dags/tutorial_dag.py for tasks to queue
[2024-02-16T23:19:47.800+0000] {logging_mixin.py:154} INFO - [2024-02-16T23:19:47.800+0000] {dagbag.py:536} INFO - Filling up the DagBag from /home/airflow/.local/lib/python3.8/site-packages/airflow/example_dags/tutorial_dag.py
[2024-02-16T23:19:47.809+0000] {processor.py:839} INFO - DAG(s) dict_keys(['tutorial_dag']) retrieved from /home/airflow/.local/lib/python3.8/site-packages/airflow/example_dags/tutorial_dag.py
[2024-02-16T23:19:47.990+0000] {logging_mixin.py:154} INFO - [2024-02-16T23:19:47.990+0000] {manager.py:499} INFO - Created Permission View: %s
[2024-02-16T23:19:48.003+0000] {logging_mixin.py:154} INFO - [2024-02-16T23:19:48.003+0000] {manager.py:499} INFO - Created Permission View: %s
[2024-02-16T23:19:48.007+0000] {logging_mixin.py:154} INFO - [2024-02-16T23:19:48.007+0000] {manager.py:499} INFO - Created Permission View: %s
[2024-02-16T23:19:48.007+0000] {logging_mixin.py:154} INFO - [2024-02-16T23:19:48.007+0000] {dag.py:2941} INFO - Sync 1 DAGs
[2024-02-16T23:19:48.024+0000] {logging_mixin.py:154} INFO - [2024-02-16T23:19:48.023+0000] {dag.py:2963} INFO - Creating ORM DAG for tutorial_dag
[2024-02-16T23:19:48.024+0000] {logging_mixin.py:154} INFO - [2024-02-16T23:19:48.024+0000] {dag.py:3722} INFO - Setting next_dagrun for tutorial_dag to None, run_after=None
[2024-02-16T23:19:48.059+0000] {processor.py:179} INFO - Processing /home/airflow/.local/lib/python3.8/site-packages/airflow/example_dags/tutorial_dag.py took 0.265 seconds
[2024-02-16T23:20:18.557+0000] {processor.py:157} INFO - Started process (PID=100) to work on /home/airflow/.local/lib/python3.8/site-packages/airflow/example_dags/tutorial_dag.py
[2024-02-16T23:20:18.558+0000] {processor.py:829} INFO - Processing file /home/airflow/.local/lib/python3.8/site-packages/airflow/example_dags/tutorial_dag.py for tasks to queue
[2024-02-16T23:20:18.560+0000] {logging_mixin.py:154} INFO - [2024-02-16T23:20:18.559+0000] {dagbag.py:536} INFO - Filling up the DagBag from /home/airflow/.local/lib/python3.8/site-packages/airflow/example_dags/tutorial_dag.py
[2024-02-16T23:20:18.563+0000] {processor.py:839} INFO - DAG(s) dict_keys(['tutorial_dag']) retrieved from /home/airflow/.local/lib/python3.8/site-packages/airflow/example_dags/tutorial_dag.py
[2024-02-16T23:20:18.622+0000] {logging_mixin.py:154} INFO - [2024-02-16T23:20:18.622+0000] {dag.py:2941} INFO - Sync 1 DAGs
[2024-02-16T23:20:18.636+0000] {logging_mixin.py:154} INFO - [2024-02-16T23:20:18.636+0000] {dag.py:3722} INFO - Setting next_dagrun for tutorial_dag to None, run_after=None
[2024-02-16T23:20:18.655+0000] {processor.py:179} INFO - Processing /home/airflow/.local/lib/python3.8/site-packages/airflow/example_dags/tutorial_dag.py took 0.100 seconds
[2024-02-16T23:20:49.092+0000] {processor.py:157} INFO - Started process (PID=154) to work on /home/airflow/.local/lib/python3.8/site-packages/airflow/example_dags/tutorial_dag.py
[2024-02-16T23:20:49.093+0000] {processor.py:829} INFO - Processing file /home/airflow/.local/lib/python3.8/site-packages/airflow/example_dags/tutorial_dag.py for tasks to queue
[2024-02-16T23:20:49.094+0000] {logging_mixin.py:154} INFO - [2024-02-16T23:20:49.094+0000] {dagbag.py:536} INFO - Filling up the DagBag from /home/airflow/.local/lib/python3.8/site-packages/airflow/example_dags/tutorial_dag.py
[2024-02-16T23:20:49.098+0000] {processor.py:839} INFO - DAG(s) dict_keys(['tutorial_dag']) retrieved from /home/airflow/.local/lib/python3.8/site-packages/airflow/example_dags/tutorial_dag.py
[2024-02-16T23:20:49.154+0000] {logging_mixin.py:154} INFO - [2024-02-16T23:20:49.154+0000] {dag.py:2941} INFO - Sync 1 DAGs
[2024-02-16T23:20:49.166+0000] {logging_mixin.py:154} INFO - [2024-02-16T23:20:49.166+0000] {dag.py:3722} INFO - Setting next_dagrun for tutorial_dag to None, run_after=None
[2024-02-16T23:20:49.182+0000] {processor.py:179} INFO - Processing /home/airflow/.local/lib/python3.8/site-packages/airflow/example_dags/tutorial_dag.py took 0.092 seconds
[2024-02-16T23:21:19.424+0000] {processor.py:157} INFO - Started process (PID=208) to work on /home/airflow/.local/lib/python3.8/site-packages/airflow/example_dags/tutorial_dag.py
[2024-02-16T23:21:19.424+0000] {processor.py:829} INFO - Processing file /home/airflow/.local/lib/python3.8/site-packages/airflow/example_dags/tutorial_dag.py for tasks to queue
[2024-02-16T23:21:19.426+0000] {logging_mixin.py:154} INFO - [2024-02-16T23:21:19.426+0000] {dagbag.py:536} INFO - Filling up the DagBag from /home/airflow/.local/lib/python3.8/site-packages/airflow/example_dags/tutorial_dag.py
[2024-02-16T23:21:19.429+0000] {processor.py:839} INFO - DAG(s) dict_keys(['tutorial_dag']) retrieved from /home/airflow/.local/lib/python3.8/site-packages/airflow/example_dags/tutorial_dag.py
[2024-02-16T23:21:19.490+0000] {logging_mixin.py:154} INFO - [2024-02-16T23:21:19.489+0000] {dag.py:2941} INFO - Sync 1 DAGs
[2024-02-16T23:21:19.503+0000] {logging_mixin.py:154} INFO - [2024-02-16T23:21:19.503+0000] {dag.py:3722} INFO - Setting next_dagrun for tutorial_dag to None, run_after=None
[2024-02-16T23:21:19.523+0000] {processor.py:179} INFO - Processing /home/airflow/.local/lib/python3.8/site-packages/airflow/example_dags/tutorial_dag.py took 0.101 seconds
[2024-02-16T23:21:49.955+0000] {processor.py:157} INFO - Started process (PID=262) to work on /home/airflow/.local/lib/python3.8/site-packages/airflow/example_dags/tutorial_dag.py
[2024-02-16T23:21:49.956+0000] {processor.py:829} INFO - Processing file /home/airflow/.local/lib/python3.8/site-packages/airflow/example_dags/tutorial_dag.py for tasks to queue
[2024-02-16T23:21:49.957+0000] {logging_mixin.py:154} INFO - [2024-02-16T23:21:49.957+0000] {dagbag.py:536} INFO - Filling up the DagBag from /home/airflow/.local/lib/python3.8/site-packages/airflow/example_dags/tutorial_dag.py
[2024-02-16T23:21:49.960+0000] {processor.py:839} INFO - DAG(s) dict_keys(['tutorial_dag']) retrieved from /home/airflow/.local/lib/python3.8/site-packages/airflow/example_dags/tutorial_dag.py
[2024-02-16T23:21:50.019+0000] {logging_mixin.py:154} INFO - [2024-02-16T23:21:50.019+0000] {dag.py:2941} INFO - Sync 1 DAGs
[2024-02-16T23:21:50.031+0000] {logging_mixin.py:154} INFO - [2024-02-16T23:21:50.031+0000] {dag.py:3722} INFO - Setting next_dagrun for tutorial_dag to None, run_after=None
[2024-02-16T23:21:50.049+0000] {processor.py:179} INFO - Processing /home/airflow/.local/lib/python3.8/site-packages/airflow/example_dags/tutorial_dag.py took 0.096 seconds
[2024-02-16T23:22:20.538+0000] {processor.py:157} INFO - Started process (PID=316) to work on /home/airflow/.local/lib/python3.8/site-packages/airflow/example_dags/tutorial_dag.py
[2024-02-16T23:22:20.539+0000] {processor.py:829} INFO - Processing file /home/airflow/.local/lib/python3.8/site-packages/airflow/example_dags/tutorial_dag.py for tasks to queue
[2024-02-16T23:22:20.540+0000] {logging_mixin.py:154} INFO - [2024-02-16T23:22:20.540+0000] {dagbag.py:536} INFO - Filling up the DagBag from /home/airflow/.local/lib/python3.8/site-packages/airflow/example_dags/tutorial_dag.py
[2024-02-16T23:22:20.543+0000] {processor.py:839} INFO - DAG(s) dict_keys(['tutorial_dag']) retrieved from /home/airflow/.local/lib/python3.8/site-packages/airflow/example_dags/tutorial_dag.py
[2024-02-16T23:22:20.599+0000] {logging_mixin.py:154} INFO - [2024-02-16T23:22:20.599+0000] {dag.py:2941} INFO - Sync 1 DAGs
[2024-02-16T23:22:20.611+0000] {logging_mixin.py:154} INFO - [2024-02-16T23:22:20.611+0000] {dag.py:3722} INFO - Setting next_dagrun for tutorial_dag to None, run_after=None
[2024-02-16T23:22:20.629+0000] {processor.py:179} INFO - Processing /home/airflow/.local/lib/python3.8/site-packages/airflow/example_dags/tutorial_dag.py took 0.092 seconds
[2024-02-16T23:22:51.304+0000] {processor.py:157} INFO - Started process (PID=370) to work on /home/airflow/.local/lib/python3.8/site-packages/airflow/example_dags/tutorial_dag.py
[2024-02-16T23:22:51.305+0000] {processor.py:829} INFO - Processing file /home/airflow/.local/lib/python3.8/site-packages/airflow/example_dags/tutorial_dag.py for tasks to queue
[2024-02-16T23:22:51.306+0000] {logging_mixin.py:154} INFO - [2024-02-16T23:22:51.306+0000] {dagbag.py:536} INFO - Filling up the DagBag from /home/airflow/.local/lib/python3.8/site-packages/airflow/example_dags/tutorial_dag.py
[2024-02-16T23:22:51.309+0000] {processor.py:839} INFO - DAG(s) dict_keys(['tutorial_dag']) retrieved from /home/airflow/.local/lib/python3.8/site-packages/airflow/example_dags/tutorial_dag.py
[2024-02-16T23:22:51.365+0000] {logging_mixin.py:154} INFO - [2024-02-16T23:22:51.365+0000] {dag.py:2941} INFO - Sync 1 DAGs
[2024-02-16T23:22:51.377+0000] {logging_mixin.py:154} INFO - [2024-02-16T23:22:51.377+0000] {dag.py:3722} INFO - Setting next_dagrun for tutorial_dag to None, run_after=None
[2024-02-16T23:22:51.394+0000] {processor.py:179} INFO - Processing /home/airflow/.local/lib/python3.8/site-packages/airflow/example_dags/tutorial_dag.py took 0.092 seconds
[2024-02-16T23:23:21.979+0000] {processor.py:157} INFO - Started process (PID=424) to work on /home/airflow/.local/lib/python3.8/site-packages/airflow/example_dags/tutorial_dag.py
[2024-02-16T23:23:21.980+0000] {processor.py:829} INFO - Processing file /home/airflow/.local/lib/python3.8/site-packages/airflow/example_dags/tutorial_dag.py for tasks to queue
[2024-02-16T23:23:21.981+0000] {logging_mixin.py:154} INFO - [2024-02-16T23:23:21.981+0000] {dagbag.py:536} INFO - Filling up the DagBag from /home/airflow/.local/lib/python3.8/site-packages/airflow/example_dags/tutorial_dag.py
[2024-02-16T23:23:21.985+0000] {processor.py:839} INFO - DAG(s) dict_keys(['tutorial_dag']) retrieved from /home/airflow/.local/lib/python3.8/site-packages/airflow/example_dags/tutorial_dag.py
[2024-02-16T23:23:22.042+0000] {logging_mixin.py:154} INFO - [2024-02-16T23:23:22.042+0000] {dag.py:2941} INFO - Sync 1 DAGs
[2024-02-16T23:23:22.056+0000] {logging_mixin.py:154} INFO - [2024-02-16T23:23:22.056+0000] {dag.py:3722} INFO - Setting next_dagrun for tutorial_dag to None, run_after=None
[2024-02-16T23:23:22.073+0000] {processor.py:179} INFO - Processing /home/airflow/.local/lib/python3.8/site-packages/airflow/example_dags/tutorial_dag.py took 0.095 seconds
[2024-02-16T23:23:52.585+0000] {processor.py:157} INFO - Started process (PID=478) to work on /home/airflow/.local/lib/python3.8/site-packages/airflow/example_dags/tutorial_dag.py
[2024-02-16T23:23:52.585+0000] {processor.py:829} INFO - Processing file /home/airflow/.local/lib/python3.8/site-packages/airflow/example_dags/tutorial_dag.py for tasks to queue
[2024-02-16T23:23:52.586+0000] {logging_mixin.py:154} INFO - [2024-02-16T23:23:52.586+0000] {dagbag.py:536} INFO - Filling up the DagBag from /home/airflow/.local/lib/python3.8/site-packages/airflow/example_dags/tutorial_dag.py
[2024-02-16T23:23:52.590+0000] {processor.py:839} INFO - DAG(s) dict_keys(['tutorial_dag']) retrieved from /home/airflow/.local/lib/python3.8/site-packages/airflow/example_dags/tutorial_dag.py
[2024-02-16T23:23:52.647+0000] {logging_mixin.py:154} INFO - [2024-02-16T23:23:52.647+0000] {dag.py:2941} INFO - Sync 1 DAGs
[2024-02-16T23:23:52.659+0000] {logging_mixin.py:154} INFO - [2024-02-16T23:23:52.659+0000] {dag.py:3722} INFO - Setting next_dagrun for tutorial_dag to None, run_after=None
[2024-02-16T23:23:52.674+0000] {processor.py:179} INFO - Processing /home/airflow/.local/lib/python3.8/site-packages/airflow/example_dags/tutorial_dag.py took 0.092 seconds
[2024-02-16T23:24:23.160+0000] {processor.py:157} INFO - Started process (PID=532) to work on /home/airflow/.local/lib/python3.8/site-packages/airflow/example_dags/tutorial_dag.py
[2024-02-16T23:24:23.161+0000] {processor.py:829} INFO - Processing file /home/airflow/.local/lib/python3.8/site-packages/airflow/example_dags/tutorial_dag.py for tasks to queue
[2024-02-16T23:24:23.162+0000] {logging_mixin.py:154} INFO - [2024-02-16T23:24:23.162+0000] {dagbag.py:536} INFO - Filling up the DagBag from /home/airflow/.local/lib/python3.8/site-packages/airflow/example_dags/tutorial_dag.py
[2024-02-16T23:24:23.166+0000] {processor.py:839} INFO - DAG(s) dict_keys(['tutorial_dag']) retrieved from /home/airflow/.local/lib/python3.8/site-packages/airflow/example_dags/tutorial_dag.py
[2024-02-16T23:24:23.222+0000] {logging_mixin.py:154} INFO - [2024-02-16T23:24:23.222+0000] {dag.py:2941} INFO - Sync 1 DAGs
[2024-02-16T23:24:23.235+0000] {logging_mixin.py:154} INFO - [2024-02-16T23:24:23.235+0000] {dag.py:3722} INFO - Setting next_dagrun for tutorial_dag to None, run_after=None
[2024-02-16T23:24:23.252+0000] {processor.py:179} INFO - Processing /home/airflow/.local/lib/python3.8/site-packages/airflow/example_dags/tutorial_dag.py took 0.094 seconds
[2024-02-16T23:24:53.898+0000] {processor.py:157} INFO - Started process (PID=586) to work on /home/airflow/.local/lib/python3.8/site-packages/airflow/example_dags/tutorial_dag.py
[2024-02-16T23:24:53.899+0000] {processor.py:829} INFO - Processing file /home/airflow/.local/lib/python3.8/site-packages/airflow/example_dags/tutorial_dag.py for tasks to queue
[2024-02-16T23:24:53.901+0000] {logging_mixin.py:154} INFO - [2024-02-16T23:24:53.901+0000] {dagbag.py:536} INFO - Filling up the DagBag from /home/airflow/.local/lib/python3.8/site-packages/airflow/example_dags/tutorial_dag.py
[2024-02-16T23:24:53.905+0000] {processor.py:839} INFO - DAG(s) dict_keys(['tutorial_dag']) retrieved from /home/airflow/.local/lib/python3.8/site-packages/airflow/example_dags/tutorial_dag.py
[2024-02-16T23:24:53.961+0000] {logging_mixin.py:154} INFO - [2024-02-16T23:24:53.961+0000] {dag.py:2941} INFO - Sync 1 DAGs
[2024-02-16T23:24:53.974+0000] {logging_mixin.py:154} INFO - [2024-02-16T23:24:53.974+0000] {dag.py:3722} INFO - Setting next_dagrun for tutorial_dag to None, run_after=None
[2024-02-16T23:24:53.991+0000] {processor.py:179} INFO - Processing /home/airflow/.local/lib/python3.8/site-packages/airflow/example_dags/tutorial_dag.py took 0.094 seconds
[2024-02-16T23:25:24.807+0000] {processor.py:157} INFO - Started process (PID=640) to work on /home/airflow/.local/lib/python3.8/site-packages/airflow/example_dags/tutorial_dag.py
[2024-02-16T23:25:24.808+0000] {processor.py:829} INFO - Processing file /home/airflow/.local/lib/python3.8/site-packages/airflow/example_dags/tutorial_dag.py for tasks to queue
[2024-02-16T23:25:24.810+0000] {logging_mixin.py:154} INFO - [2024-02-16T23:25:24.809+0000] {dagbag.py:536} INFO - Filling up the DagBag from /home/airflow/.local/lib/python3.8/site-packages/airflow/example_dags/tutorial_dag.py
[2024-02-16T23:25:24.814+0000] {processor.py:839} INFO - DAG(s) dict_keys(['tutorial_dag']) retrieved from /home/airflow/.local/lib/python3.8/site-packages/airflow/example_dags/tutorial_dag.py
[2024-02-16T23:25:24.874+0000] {logging_mixin.py:154} INFO - [2024-02-16T23:25:24.874+0000] {dag.py:2941} INFO - Sync 1 DAGs
[2024-02-16T23:25:24.895+0000] {logging_mixin.py:154} INFO - [2024-02-16T23:25:24.895+0000] {dag.py:3722} INFO - Setting next_dagrun for tutorial_dag to None, run_after=None
[2024-02-16T23:25:24.923+0000] {processor.py:179} INFO - Processing /home/airflow/.local/lib/python3.8/site-packages/airflow/example_dags/tutorial_dag.py took 0.119 seconds
[2024-02-16T23:25:55.458+0000] {processor.py:157} INFO - Started process (PID=694) to work on /home/airflow/.local/lib/python3.8/site-packages/airflow/example_dags/tutorial_dag.py
[2024-02-16T23:25:55.459+0000] {processor.py:829} INFO - Processing file /home/airflow/.local/lib/python3.8/site-packages/airflow/example_dags/tutorial_dag.py for tasks to queue
[2024-02-16T23:25:55.460+0000] {logging_mixin.py:154} INFO - [2024-02-16T23:25:55.460+0000] {dagbag.py:536} INFO - Filling up the DagBag from /home/airflow/.local/lib/python3.8/site-packages/airflow/example_dags/tutorial_dag.py
[2024-02-16T23:25:55.464+0000] {processor.py:839} INFO - DAG(s) dict_keys(['tutorial_dag']) retrieved from /home/airflow/.local/lib/python3.8/site-packages/airflow/example_dags/tutorial_dag.py
[2024-02-16T23:25:55.520+0000] {logging_mixin.py:154} INFO - [2024-02-16T23:25:55.520+0000] {dag.py:2941} INFO - Sync 1 DAGs
[2024-02-16T23:25:55.533+0000] {logging_mixin.py:154} INFO - [2024-02-16T23:25:55.533+0000] {dag.py:3722} INFO - Setting next_dagrun for tutorial_dag to None, run_after=None
[2024-02-16T23:25:55.550+0000] {processor.py:179} INFO - Processing /home/airflow/.local/lib/python3.8/site-packages/airflow/example_dags/tutorial_dag.py took 0.094 seconds
[2024-02-16T23:26:25.609+0000] {processor.py:157} INFO - Started process (PID=748) to work on /home/airflow/.local/lib/python3.8/site-packages/airflow/example_dags/tutorial_dag.py
[2024-02-16T23:26:25.610+0000] {processor.py:829} INFO - Processing file /home/airflow/.local/lib/python3.8/site-packages/airflow/example_dags/tutorial_dag.py for tasks to queue
[2024-02-16T23:26:25.611+0000] {logging_mixin.py:154} INFO - [2024-02-16T23:26:25.611+0000] {dagbag.py:536} INFO - Filling up the DagBag from /home/airflow/.local/lib/python3.8/site-packages/airflow/example_dags/tutorial_dag.py
[2024-02-16T23:26:25.614+0000] {processor.py:839} INFO - DAG(s) dict_keys(['tutorial_dag']) retrieved from /home/airflow/.local/lib/python3.8/site-packages/airflow/example_dags/tutorial_dag.py
[2024-02-16T23:26:25.671+0000] {logging_mixin.py:154} INFO - [2024-02-16T23:26:25.671+0000] {dag.py:2941} INFO - Sync 1 DAGs
[2024-02-16T23:26:25.684+0000] {logging_mixin.py:154} INFO - [2024-02-16T23:26:25.684+0000] {dag.py:3722} INFO - Setting next_dagrun for tutorial_dag to None, run_after=None
[2024-02-16T23:26:25.701+0000] {processor.py:179} INFO - Processing /home/airflow/.local/lib/python3.8/site-packages/airflow/example_dags/tutorial_dag.py took 0.094 seconds
[2024-02-16T23:26:55.942+0000] {processor.py:157} INFO - Started process (PID=802) to work on /home/airflow/.local/lib/python3.8/site-packages/airflow/example_dags/tutorial_dag.py
[2024-02-16T23:26:55.943+0000] {processor.py:829} INFO - Processing file /home/airflow/.local/lib/python3.8/site-packages/airflow/example_dags/tutorial_dag.py for tasks to queue
[2024-02-16T23:26:55.944+0000] {logging_mixin.py:154} INFO - [2024-02-16T23:26:55.944+0000] {dagbag.py:536} INFO - Filling up the DagBag from /home/airflow/.local/lib/python3.8/site-packages/airflow/example_dags/tutorial_dag.py
[2024-02-16T23:26:55.948+0000] {processor.py:839} INFO - DAG(s) dict_keys(['tutorial_dag']) retrieved from /home/airflow/.local/lib/python3.8/site-packages/airflow/example_dags/tutorial_dag.py
[2024-02-16T23:26:56.022+0000] {logging_mixin.py:154} INFO - [2024-02-16T23:26:56.022+0000] {dag.py:2941} INFO - Sync 1 DAGs
[2024-02-16T23:26:56.037+0000] {logging_mixin.py:154} INFO - [2024-02-16T23:26:56.037+0000] {dag.py:3722} INFO - Setting next_dagrun for tutorial_dag to None, run_after=None
[2024-02-16T23:26:56.060+0000] {processor.py:179} INFO - Processing /home/airflow/.local/lib/python3.8/site-packages/airflow/example_dags/tutorial_dag.py took 0.120 seconds
[2024-02-16T23:27:26.251+0000] {processor.py:157} INFO - Started process (PID=856) to work on /home/airflow/.local/lib/python3.8/site-packages/airflow/example_dags/tutorial_dag.py
[2024-02-16T23:27:26.252+0000] {processor.py:829} INFO - Processing file /home/airflow/.local/lib/python3.8/site-packages/airflow/example_dags/tutorial_dag.py for tasks to queue
[2024-02-16T23:27:26.254+0000] {logging_mixin.py:154} INFO - [2024-02-16T23:27:26.254+0000] {dagbag.py:536} INFO - Filling up the DagBag from /home/airflow/.local/lib/python3.8/site-packages/airflow/example_dags/tutorial_dag.py
[2024-02-16T23:27:26.259+0000] {processor.py:839} INFO - DAG(s) dict_keys(['tutorial_dag']) retrieved from /home/airflow/.local/lib/python3.8/site-packages/airflow/example_dags/tutorial_dag.py
[2024-02-16T23:27:26.319+0000] {logging_mixin.py:154} INFO - [2024-02-16T23:27:26.319+0000] {dag.py:2941} INFO - Sync 1 DAGs
[2024-02-16T23:27:26.331+0000] {logging_mixin.py:154} INFO - [2024-02-16T23:27:26.331+0000] {dag.py:3722} INFO - Setting next_dagrun for tutorial_dag to None, run_after=None
[2024-02-16T23:27:26.349+0000] {processor.py:179} INFO - Processing /home/airflow/.local/lib/python3.8/site-packages/airflow/example_dags/tutorial_dag.py took 0.100 seconds
[2024-02-16T23:27:56.969+0000] {processor.py:157} INFO - Started process (PID=910) to work on /home/airflow/.local/lib/python3.8/site-packages/airflow/example_dags/tutorial_dag.py
[2024-02-16T23:27:56.970+0000] {processor.py:829} INFO - Processing file /home/airflow/.local/lib/python3.8/site-packages/airflow/example_dags/tutorial_dag.py for tasks to queue
[2024-02-16T23:27:56.971+0000] {logging_mixin.py:154} INFO - [2024-02-16T23:27:56.971+0000] {dagbag.py:536} INFO - Filling up the DagBag from /home/airflow/.local/lib/python3.8/site-packages/airflow/example_dags/tutorial_dag.py
[2024-02-16T23:27:56.975+0000] {processor.py:839} INFO - DAG(s) dict_keys(['tutorial_dag']) retrieved from /home/airflow/.local/lib/python3.8/site-packages/airflow/example_dags/tutorial_dag.py
[2024-02-16T23:27:57.031+0000] {logging_mixin.py:154} INFO - [2024-02-16T23:27:57.031+0000] {dag.py:2941} INFO - Sync 1 DAGs
[2024-02-16T23:27:57.044+0000] {logging_mixin.py:154} INFO - [2024-02-16T23:27:57.044+0000] {dag.py:3722} INFO - Setting next_dagrun for tutorial_dag to None, run_after=None
[2024-02-16T23:27:57.063+0000] {processor.py:179} INFO - Processing /home/airflow/.local/lib/python3.8/site-packages/airflow/example_dags/tutorial_dag.py took 0.096 seconds
[2024-02-16T23:28:27.399+0000] {processor.py:157} INFO - Started process (PID=964) to work on /home/airflow/.local/lib/python3.8/site-packages/airflow/example_dags/tutorial_dag.py
[2024-02-16T23:28:27.400+0000] {processor.py:829} INFO - Processing file /home/airflow/.local/lib/python3.8/site-packages/airflow/example_dags/tutorial_dag.py for tasks to queue
[2024-02-16T23:28:27.402+0000] {logging_mixin.py:154} INFO - [2024-02-16T23:28:27.402+0000] {dagbag.py:536} INFO - Filling up the DagBag from /home/airflow/.local/lib/python3.8/site-packages/airflow/example_dags/tutorial_dag.py
[2024-02-16T23:28:27.405+0000] {processor.py:839} INFO - DAG(s) dict_keys(['tutorial_dag']) retrieved from /home/airflow/.local/lib/python3.8/site-packages/airflow/example_dags/tutorial_dag.py
[2024-02-16T23:28:27.462+0000] {logging_mixin.py:154} INFO - [2024-02-16T23:28:27.461+0000] {dag.py:2941} INFO - Sync 1 DAGs
[2024-02-16T23:28:27.474+0000] {logging_mixin.py:154} INFO - [2024-02-16T23:28:27.474+0000] {dag.py:3722} INFO - Setting next_dagrun for tutorial_dag to None, run_after=None
[2024-02-16T23:28:27.492+0000] {processor.py:179} INFO - Processing /home/airflow/.local/lib/python3.8/site-packages/airflow/example_dags/tutorial_dag.py took 0.095 seconds
[2024-02-16T23:28:58.166+0000] {processor.py:157} INFO - Started process (PID=1018) to work on /home/airflow/.local/lib/python3.8/site-packages/airflow/example_dags/tutorial_dag.py
[2024-02-16T23:28:58.167+0000] {processor.py:829} INFO - Processing file /home/airflow/.local/lib/python3.8/site-packages/airflow/example_dags/tutorial_dag.py for tasks to queue
[2024-02-16T23:28:58.169+0000] {logging_mixin.py:154} INFO - [2024-02-16T23:28:58.169+0000] {dagbag.py:536} INFO - Filling up the DagBag from /home/airflow/.local/lib/python3.8/site-packages/airflow/example_dags/tutorial_dag.py
[2024-02-16T23:28:58.172+0000] {processor.py:839} INFO - DAG(s) dict_keys(['tutorial_dag']) retrieved from /home/airflow/.local/lib/python3.8/site-packages/airflow/example_dags/tutorial_dag.py
[2024-02-16T23:28:58.228+0000] {logging_mixin.py:154} INFO - [2024-02-16T23:28:58.228+0000] {dag.py:2941} INFO - Sync 1 DAGs
[2024-02-16T23:28:58.240+0000] {logging_mixin.py:154} INFO - [2024-02-16T23:28:58.240+0000] {dag.py:3722} INFO - Setting next_dagrun for tutorial_dag to None, run_after=None
[2024-02-16T23:28:58.258+0000] {processor.py:179} INFO - Processing /home/airflow/.local/lib/python3.8/site-packages/airflow/example_dags/tutorial_dag.py took 0.094 seconds
[2024-02-16T23:29:28.661+0000] {processor.py:157} INFO - Started process (PID=1072) to work on /home/airflow/.local/lib/python3.8/site-packages/airflow/example_dags/tutorial_dag.py
[2024-02-16T23:29:28.661+0000] {processor.py:829} INFO - Processing file /home/airflow/.local/lib/python3.8/site-packages/airflow/example_dags/tutorial_dag.py for tasks to queue
[2024-02-16T23:29:28.663+0000] {logging_mixin.py:154} INFO - [2024-02-16T23:29:28.663+0000] {dagbag.py:536} INFO - Filling up the DagBag from /home/airflow/.local/lib/python3.8/site-packages/airflow/example_dags/tutorial_dag.py
[2024-02-16T23:29:28.666+0000] {processor.py:839} INFO - DAG(s) dict_keys(['tutorial_dag']) retrieved from /home/airflow/.local/lib/python3.8/site-packages/airflow/example_dags/tutorial_dag.py
[2024-02-16T23:29:28.723+0000] {logging_mixin.py:154} INFO - [2024-02-16T23:29:28.723+0000] {dag.py:2941} INFO - Sync 1 DAGs
[2024-02-16T23:29:28.736+0000] {logging_mixin.py:154} INFO - [2024-02-16T23:29:28.736+0000] {dag.py:3722} INFO - Setting next_dagrun for tutorial_dag to None, run_after=None
[2024-02-16T23:29:28.759+0000] {processor.py:179} INFO - Processing /home/airflow/.local/lib/python3.8/site-packages/airflow/example_dags/tutorial_dag.py took 0.100 seconds
[2024-02-16T23:29:59.645+0000] {processor.py:157} INFO - Started process (PID=1126) to work on /home/airflow/.local/lib/python3.8/site-packages/airflow/example_dags/tutorial_dag.py
[2024-02-16T23:29:59.646+0000] {processor.py:829} INFO - Processing file /home/airflow/.local/lib/python3.8/site-packages/airflow/example_dags/tutorial_dag.py for tasks to queue
[2024-02-16T23:29:59.648+0000] {logging_mixin.py:154} INFO - [2024-02-16T23:29:59.648+0000] {dagbag.py:536} INFO - Filling up the DagBag from /home/airflow/.local/lib/python3.8/site-packages/airflow/example_dags/tutorial_dag.py
[2024-02-16T23:29:59.651+0000] {processor.py:839} INFO - DAG(s) dict_keys(['tutorial_dag']) retrieved from /home/airflow/.local/lib/python3.8/site-packages/airflow/example_dags/tutorial_dag.py
[2024-02-16T23:29:59.708+0000] {logging_mixin.py:154} INFO - [2024-02-16T23:29:59.708+0000] {dag.py:2941} INFO - Sync 1 DAGs
[2024-02-16T23:29:59.720+0000] {logging_mixin.py:154} INFO - [2024-02-16T23:29:59.720+0000] {dag.py:3722} INFO - Setting next_dagrun for tutorial_dag to None, run_after=None
[2024-02-16T23:29:59.740+0000] {processor.py:179} INFO - Processing /home/airflow/.local/lib/python3.8/site-packages/airflow/example_dags/tutorial_dag.py took 0.097 seconds
[2024-02-16T23:30:29.966+0000] {processor.py:157} INFO - Started process (PID=1180) to work on /home/airflow/.local/lib/python3.8/site-packages/airflow/example_dags/tutorial_dag.py
[2024-02-16T23:30:29.968+0000] {processor.py:829} INFO - Processing file /home/airflow/.local/lib/python3.8/site-packages/airflow/example_dags/tutorial_dag.py for tasks to queue
[2024-02-16T23:30:29.969+0000] {logging_mixin.py:154} INFO - [2024-02-16T23:30:29.969+0000] {dagbag.py:536} INFO - Filling up the DagBag from /home/airflow/.local/lib/python3.8/site-packages/airflow/example_dags/tutorial_dag.py
[2024-02-16T23:30:29.972+0000] {processor.py:839} INFO - DAG(s) dict_keys(['tutorial_dag']) retrieved from /home/airflow/.local/lib/python3.8/site-packages/airflow/example_dags/tutorial_dag.py
[2024-02-16T23:30:30.030+0000] {logging_mixin.py:154} INFO - [2024-02-16T23:30:30.030+0000] {dag.py:2941} INFO - Sync 1 DAGs
[2024-02-16T23:30:30.044+0000] {logging_mixin.py:154} INFO - [2024-02-16T23:30:30.043+0000] {dag.py:3722} INFO - Setting next_dagrun for tutorial_dag to None, run_after=None
[2024-02-16T23:30:30.060+0000] {processor.py:179} INFO - Processing /home/airflow/.local/lib/python3.8/site-packages/airflow/example_dags/tutorial_dag.py took 0.096 seconds
[2024-02-16T23:31:00.504+0000] {processor.py:157} INFO - Started process (PID=1234) to work on /home/airflow/.local/lib/python3.8/site-packages/airflow/example_dags/tutorial_dag.py
[2024-02-16T23:31:00.506+0000] {processor.py:829} INFO - Processing file /home/airflow/.local/lib/python3.8/site-packages/airflow/example_dags/tutorial_dag.py for tasks to queue
[2024-02-16T23:31:00.507+0000] {logging_mixin.py:154} INFO - [2024-02-16T23:31:00.507+0000] {dagbag.py:536} INFO - Filling up the DagBag from /home/airflow/.local/lib/python3.8/site-packages/airflow/example_dags/tutorial_dag.py
[2024-02-16T23:31:00.511+0000] {processor.py:839} INFO - DAG(s) dict_keys(['tutorial_dag']) retrieved from /home/airflow/.local/lib/python3.8/site-packages/airflow/example_dags/tutorial_dag.py
[2024-02-16T23:31:00.569+0000] {logging_mixin.py:154} INFO - [2024-02-16T23:31:00.569+0000] {dag.py:2941} INFO - Sync 1 DAGs
[2024-02-16T23:31:00.582+0000] {logging_mixin.py:154} INFO - [2024-02-16T23:31:00.582+0000] {dag.py:3722} INFO - Setting next_dagrun for tutorial_dag to None, run_after=None
[2024-02-16T23:31:00.598+0000] {processor.py:179} INFO - Processing /home/airflow/.local/lib/python3.8/site-packages/airflow/example_dags/tutorial_dag.py took 0.096 seconds
[2024-02-16T23:31:31.315+0000] {processor.py:157} INFO - Started process (PID=1288) to work on /home/airflow/.local/lib/python3.8/site-packages/airflow/example_dags/tutorial_dag.py
[2024-02-16T23:31:31.316+0000] {processor.py:829} INFO - Processing file /home/airflow/.local/lib/python3.8/site-packages/airflow/example_dags/tutorial_dag.py for tasks to queue
[2024-02-16T23:31:31.317+0000] {logging_mixin.py:154} INFO - [2024-02-16T23:31:31.317+0000] {dagbag.py:536} INFO - Filling up the DagBag from /home/airflow/.local/lib/python3.8/site-packages/airflow/example_dags/tutorial_dag.py
[2024-02-16T23:31:31.320+0000] {processor.py:839} INFO - DAG(s) dict_keys(['tutorial_dag']) retrieved from /home/airflow/.local/lib/python3.8/site-packages/airflow/example_dags/tutorial_dag.py
[2024-02-16T23:31:31.377+0000] {logging_mixin.py:154} INFO - [2024-02-16T23:31:31.377+0000] {dag.py:2941} INFO - Sync 1 DAGs
[2024-02-16T23:31:31.390+0000] {logging_mixin.py:154} INFO - [2024-02-16T23:31:31.390+0000] {dag.py:3722} INFO - Setting next_dagrun for tutorial_dag to None, run_after=None
[2024-02-16T23:31:31.407+0000] {processor.py:179} INFO - Processing /home/airflow/.local/lib/python3.8/site-packages/airflow/example_dags/tutorial_dag.py took 0.094 seconds
[2024-02-16T23:32:01.886+0000] {processor.py:157} INFO - Started process (PID=1342) to work on /home/airflow/.local/lib/python3.8/site-packages/airflow/example_dags/tutorial_dag.py
[2024-02-16T23:32:01.887+0000] {processor.py:829} INFO - Processing file /home/airflow/.local/lib/python3.8/site-packages/airflow/example_dags/tutorial_dag.py for tasks to queue
[2024-02-16T23:32:01.889+0000] {logging_mixin.py:154} INFO - [2024-02-16T23:32:01.889+0000] {dagbag.py:536} INFO - Filling up the DagBag from /home/airflow/.local/lib/python3.8/site-packages/airflow/example_dags/tutorial_dag.py
[2024-02-16T23:32:01.892+0000] {processor.py:839} INFO - DAG(s) dict_keys(['tutorial_dag']) retrieved from /home/airflow/.local/lib/python3.8/site-packages/airflow/example_dags/tutorial_dag.py
[2024-02-16T23:32:01.948+0000] {logging_mixin.py:154} INFO - [2024-02-16T23:32:01.948+0000] {dag.py:2941} INFO - Sync 1 DAGs
[2024-02-16T23:32:01.961+0000] {logging_mixin.py:154} INFO - [2024-02-16T23:32:01.960+0000] {dag.py:3722} INFO - Setting next_dagrun for tutorial_dag to None, run_after=None
[2024-02-16T23:32:01.978+0000] {processor.py:179} INFO - Processing /home/airflow/.local/lib/python3.8/site-packages/airflow/example_dags/tutorial_dag.py took 0.094 seconds
[2024-02-16T23:32:32.360+0000] {processor.py:157} INFO - Started process (PID=1396) to work on /home/airflow/.local/lib/python3.8/site-packages/airflow/example_dags/tutorial_dag.py
[2024-02-16T23:32:32.361+0000] {processor.py:829} INFO - Processing file /home/airflow/.local/lib/python3.8/site-packages/airflow/example_dags/tutorial_dag.py for tasks to queue
[2024-02-16T23:32:32.363+0000] {logging_mixin.py:154} INFO - [2024-02-16T23:32:32.363+0000] {dagbag.py:536} INFO - Filling up the DagBag from /home/airflow/.local/lib/python3.8/site-packages/airflow/example_dags/tutorial_dag.py
[2024-02-16T23:32:32.367+0000] {processor.py:839} INFO - DAG(s) dict_keys(['tutorial_dag']) retrieved from /home/airflow/.local/lib/python3.8/site-packages/airflow/example_dags/tutorial_dag.py
[2024-02-16T23:32:32.424+0000] {logging_mixin.py:154} INFO - [2024-02-16T23:32:32.423+0000] {dag.py:2941} INFO - Sync 1 DAGs
[2024-02-16T23:32:32.436+0000] {logging_mixin.py:154} INFO - [2024-02-16T23:32:32.436+0000] {dag.py:3722} INFO - Setting next_dagrun for tutorial_dag to None, run_after=None
[2024-02-16T23:32:32.455+0000] {processor.py:179} INFO - Processing /home/airflow/.local/lib/python3.8/site-packages/airflow/example_dags/tutorial_dag.py took 0.097 seconds
[2024-02-16T23:33:03.450+0000] {processor.py:157} INFO - Started process (PID=1450) to work on /home/airflow/.local/lib/python3.8/site-packages/airflow/example_dags/tutorial_dag.py
[2024-02-16T23:33:03.451+0000] {processor.py:829} INFO - Processing file /home/airflow/.local/lib/python3.8/site-packages/airflow/example_dags/tutorial_dag.py for tasks to queue
[2024-02-16T23:33:03.453+0000] {logging_mixin.py:154} INFO - [2024-02-16T23:33:03.453+0000] {dagbag.py:536} INFO - Filling up the DagBag from /home/airflow/.local/lib/python3.8/site-packages/airflow/example_dags/tutorial_dag.py
[2024-02-16T23:33:03.456+0000] {processor.py:839} INFO - DAG(s) dict_keys(['tutorial_dag']) retrieved from /home/airflow/.local/lib/python3.8/site-packages/airflow/example_dags/tutorial_dag.py
[2024-02-16T23:33:03.514+0000] {logging_mixin.py:154} INFO - [2024-02-16T23:33:03.514+0000] {dag.py:2941} INFO - Sync 1 DAGs
[2024-02-16T23:33:03.527+0000] {logging_mixin.py:154} INFO - [2024-02-16T23:33:03.527+0000] {dag.py:3722} INFO - Setting next_dagrun for tutorial_dag to None, run_after=None
[2024-02-16T23:33:03.543+0000] {processor.py:179} INFO - Processing /home/airflow/.local/lib/python3.8/site-packages/airflow/example_dags/tutorial_dag.py took 0.095 seconds
[2024-02-16T23:33:33.966+0000] {processor.py:157} INFO - Started process (PID=1504) to work on /home/airflow/.local/lib/python3.8/site-packages/airflow/example_dags/tutorial_dag.py
[2024-02-16T23:33:33.967+0000] {processor.py:829} INFO - Processing file /home/airflow/.local/lib/python3.8/site-packages/airflow/example_dags/tutorial_dag.py for tasks to queue
[2024-02-16T23:33:33.968+0000] {logging_mixin.py:154} INFO - [2024-02-16T23:33:33.968+0000] {dagbag.py:536} INFO - Filling up the DagBag from /home/airflow/.local/lib/python3.8/site-packages/airflow/example_dags/tutorial_dag.py
[2024-02-16T23:33:33.972+0000] {processor.py:839} INFO - DAG(s) dict_keys(['tutorial_dag']) retrieved from /home/airflow/.local/lib/python3.8/site-packages/airflow/example_dags/tutorial_dag.py
[2024-02-16T23:33:34.030+0000] {logging_mixin.py:154} INFO - [2024-02-16T23:33:34.030+0000] {dag.py:2941} INFO - Sync 1 DAGs
[2024-02-16T23:33:34.043+0000] {logging_mixin.py:154} INFO - [2024-02-16T23:33:34.043+0000] {dag.py:3722} INFO - Setting next_dagrun for tutorial_dag to None, run_after=None
[2024-02-16T23:33:34.060+0000] {processor.py:179} INFO - Processing /home/airflow/.local/lib/python3.8/site-packages/airflow/example_dags/tutorial_dag.py took 0.096 seconds
[2024-02-16T23:34:04.160+0000] {processor.py:157} INFO - Started process (PID=1558) to work on /home/airflow/.local/lib/python3.8/site-packages/airflow/example_dags/tutorial_dag.py
[2024-02-16T23:34:04.161+0000] {processor.py:829} INFO - Processing file /home/airflow/.local/lib/python3.8/site-packages/airflow/example_dags/tutorial_dag.py for tasks to queue
[2024-02-16T23:34:04.162+0000] {logging_mixin.py:154} INFO - [2024-02-16T23:34:04.162+0000] {dagbag.py:536} INFO - Filling up the DagBag from /home/airflow/.local/lib/python3.8/site-packages/airflow/example_dags/tutorial_dag.py
[2024-02-16T23:34:04.165+0000] {processor.py:839} INFO - DAG(s) dict_keys(['tutorial_dag']) retrieved from /home/airflow/.local/lib/python3.8/site-packages/airflow/example_dags/tutorial_dag.py
[2024-02-16T23:34:04.224+0000] {logging_mixin.py:154} INFO - [2024-02-16T23:34:04.224+0000] {dag.py:2941} INFO - Sync 1 DAGs
[2024-02-16T23:34:04.239+0000] {logging_mixin.py:154} INFO - [2024-02-16T23:34:04.239+0000] {dag.py:3722} INFO - Setting next_dagrun for tutorial_dag to None, run_after=None
[2024-02-16T23:34:04.260+0000] {processor.py:179} INFO - Processing /home/airflow/.local/lib/python3.8/site-packages/airflow/example_dags/tutorial_dag.py took 0.103 seconds
[2024-02-16T23:34:35.111+0000] {processor.py:157} INFO - Started process (PID=1612) to work on /home/airflow/.local/lib/python3.8/site-packages/airflow/example_dags/tutorial_dag.py
[2024-02-16T23:34:35.112+0000] {processor.py:829} INFO - Processing file /home/airflow/.local/lib/python3.8/site-packages/airflow/example_dags/tutorial_dag.py for tasks to queue
[2024-02-16T23:34:35.115+0000] {logging_mixin.py:154} INFO - [2024-02-16T23:34:35.115+0000] {dagbag.py:536} INFO - Filling up the DagBag from /home/airflow/.local/lib/python3.8/site-packages/airflow/example_dags/tutorial_dag.py
[2024-02-16T23:34:35.118+0000] {processor.py:839} INFO - DAG(s) dict_keys(['tutorial_dag']) retrieved from /home/airflow/.local/lib/python3.8/site-packages/airflow/example_dags/tutorial_dag.py
[2024-02-16T23:34:35.175+0000] {logging_mixin.py:154} INFO - [2024-02-16T23:34:35.175+0000] {dag.py:2941} INFO - Sync 1 DAGs
[2024-02-16T23:34:35.188+0000] {logging_mixin.py:154} INFO - [2024-02-16T23:34:35.188+0000] {dag.py:3722} INFO - Setting next_dagrun for tutorial_dag to None, run_after=None
[2024-02-16T23:34:35.205+0000] {processor.py:179} INFO - Processing /home/airflow/.local/lib/python3.8/site-packages/airflow/example_dags/tutorial_dag.py took 0.096 seconds
[2024-02-16T23:35:06.597+0000] {processor.py:157} INFO - Started process (PID=1666) to work on /home/airflow/.local/lib/python3.8/site-packages/airflow/example_dags/tutorial_dag.py
[2024-02-16T23:35:06.598+0000] {processor.py:829} INFO - Processing file /home/airflow/.local/lib/python3.8/site-packages/airflow/example_dags/tutorial_dag.py for tasks to queue
[2024-02-16T23:35:06.599+0000] {logging_mixin.py:154} INFO - [2024-02-16T23:35:06.599+0000] {dagbag.py:536} INFO - Filling up the DagBag from /home/airflow/.local/lib/python3.8/site-packages/airflow/example_dags/tutorial_dag.py
[2024-02-16T23:35:06.604+0000] {processor.py:839} INFO - DAG(s) dict_keys(['tutorial_dag']) retrieved from /home/airflow/.local/lib/python3.8/site-packages/airflow/example_dags/tutorial_dag.py
[2024-02-16T23:35:06.662+0000] {logging_mixin.py:154} INFO - [2024-02-16T23:35:06.662+0000] {dag.py:2941} INFO - Sync 1 DAGs
[2024-02-16T23:35:06.676+0000] {logging_mixin.py:154} INFO - [2024-02-16T23:35:06.676+0000] {dag.py:3722} INFO - Setting next_dagrun for tutorial_dag to None, run_after=None
[2024-02-16T23:35:06.692+0000] {processor.py:179} INFO - Processing /home/airflow/.local/lib/python3.8/site-packages/airflow/example_dags/tutorial_dag.py took 0.098 seconds
[2024-02-16T23:35:37.388+0000] {processor.py:157} INFO - Started process (PID=1720) to work on /home/airflow/.local/lib/python3.8/site-packages/airflow/example_dags/tutorial_dag.py
[2024-02-16T23:35:37.389+0000] {processor.py:829} INFO - Processing file /home/airflow/.local/lib/python3.8/site-packages/airflow/example_dags/tutorial_dag.py for tasks to queue
[2024-02-16T23:35:37.390+0000] {logging_mixin.py:154} INFO - [2024-02-16T23:35:37.390+0000] {dagbag.py:536} INFO - Filling up the DagBag from /home/airflow/.local/lib/python3.8/site-packages/airflow/example_dags/tutorial_dag.py
[2024-02-16T23:35:37.394+0000] {processor.py:839} INFO - DAG(s) dict_keys(['tutorial_dag']) retrieved from /home/airflow/.local/lib/python3.8/site-packages/airflow/example_dags/tutorial_dag.py
[2024-02-16T23:35:37.452+0000] {logging_mixin.py:154} INFO - [2024-02-16T23:35:37.452+0000] {dag.py:2941} INFO - Sync 1 DAGs
[2024-02-16T23:35:37.555+0000] {logging_mixin.py:154} INFO - [2024-02-16T23:35:37.555+0000] {dag.py:3722} INFO - Setting next_dagrun for tutorial_dag to None, run_after=None
[2024-02-16T23:35:37.573+0000] {processor.py:179} INFO - Processing /home/airflow/.local/lib/python3.8/site-packages/airflow/example_dags/tutorial_dag.py took 0.186 seconds
[2024-02-16T23:36:08.332+0000] {processor.py:157} INFO - Started process (PID=1774) to work on /home/airflow/.local/lib/python3.8/site-packages/airflow/example_dags/tutorial_dag.py
[2024-02-16T23:36:08.333+0000] {processor.py:829} INFO - Processing file /home/airflow/.local/lib/python3.8/site-packages/airflow/example_dags/tutorial_dag.py for tasks to queue
[2024-02-16T23:36:08.335+0000] {logging_mixin.py:154} INFO - [2024-02-16T23:36:08.334+0000] {dagbag.py:536} INFO - Filling up the DagBag from /home/airflow/.local/lib/python3.8/site-packages/airflow/example_dags/tutorial_dag.py
[2024-02-16T23:36:08.340+0000] {processor.py:839} INFO - DAG(s) dict_keys(['tutorial_dag']) retrieved from /home/airflow/.local/lib/python3.8/site-packages/airflow/example_dags/tutorial_dag.py
[2024-02-16T23:36:08.405+0000] {logging_mixin.py:154} INFO - [2024-02-16T23:36:08.405+0000] {dag.py:2941} INFO - Sync 1 DAGs
[2024-02-16T23:36:08.418+0000] {logging_mixin.py:154} INFO - [2024-02-16T23:36:08.418+0000] {dag.py:3722} INFO - Setting next_dagrun for tutorial_dag to None, run_after=None
[2024-02-16T23:36:08.435+0000] {processor.py:179} INFO - Processing /home/airflow/.local/lib/python3.8/site-packages/airflow/example_dags/tutorial_dag.py took 0.106 seconds
[2024-02-16T23:36:38.847+0000] {processor.py:157} INFO - Started process (PID=1828) to work on /home/airflow/.local/lib/python3.8/site-packages/airflow/example_dags/tutorial_dag.py
[2024-02-16T23:36:38.848+0000] {processor.py:829} INFO - Processing file /home/airflow/.local/lib/python3.8/site-packages/airflow/example_dags/tutorial_dag.py for tasks to queue
[2024-02-16T23:36:38.849+0000] {logging_mixin.py:154} INFO - [2024-02-16T23:36:38.849+0000] {dagbag.py:536} INFO - Filling up the DagBag from /home/airflow/.local/lib/python3.8/site-packages/airflow/example_dags/tutorial_dag.py
[2024-02-16T23:36:38.853+0000] {processor.py:839} INFO - DAG(s) dict_keys(['tutorial_dag']) retrieved from /home/airflow/.local/lib/python3.8/site-packages/airflow/example_dags/tutorial_dag.py
[2024-02-16T23:36:38.915+0000] {logging_mixin.py:154} INFO - [2024-02-16T23:36:38.915+0000] {dag.py:2941} INFO - Sync 1 DAGs
[2024-02-16T23:36:38.927+0000] {logging_mixin.py:154} INFO - [2024-02-16T23:36:38.927+0000] {dag.py:3722} INFO - Setting next_dagrun for tutorial_dag to None, run_after=None
[2024-02-16T23:36:38.945+0000] {processor.py:179} INFO - Processing /home/airflow/.local/lib/python3.8/site-packages/airflow/example_dags/tutorial_dag.py took 0.100 seconds
[2024-02-16T23:37:09.495+0000] {processor.py:157} INFO - Started process (PID=1882) to work on /home/airflow/.local/lib/python3.8/site-packages/airflow/example_dags/tutorial_dag.py
[2024-02-16T23:37:09.495+0000] {processor.py:829} INFO - Processing file /home/airflow/.local/lib/python3.8/site-packages/airflow/example_dags/tutorial_dag.py for tasks to queue
[2024-02-16T23:37:09.497+0000] {logging_mixin.py:154} INFO - [2024-02-16T23:37:09.497+0000] {dagbag.py:536} INFO - Filling up the DagBag from /home/airflow/.local/lib/python3.8/site-packages/airflow/example_dags/tutorial_dag.py
[2024-02-16T23:37:09.500+0000] {processor.py:839} INFO - DAG(s) dict_keys(['tutorial_dag']) retrieved from /home/airflow/.local/lib/python3.8/site-packages/airflow/example_dags/tutorial_dag.py
[2024-02-16T23:37:09.556+0000] {logging_mixin.py:154} INFO - [2024-02-16T23:37:09.556+0000] {dag.py:2941} INFO - Sync 1 DAGs
[2024-02-16T23:37:09.569+0000] {logging_mixin.py:154} INFO - [2024-02-16T23:37:09.569+0000] {dag.py:3722} INFO - Setting next_dagrun for tutorial_dag to None, run_after=None
[2024-02-16T23:37:09.585+0000] {processor.py:179} INFO - Processing /home/airflow/.local/lib/python3.8/site-packages/airflow/example_dags/tutorial_dag.py took 0.093 seconds
[2024-02-16T23:37:40.037+0000] {processor.py:157} INFO - Started process (PID=1936) to work on /home/airflow/.local/lib/python3.8/site-packages/airflow/example_dags/tutorial_dag.py
[2024-02-16T23:37:40.038+0000] {processor.py:829} INFO - Processing file /home/airflow/.local/lib/python3.8/site-packages/airflow/example_dags/tutorial_dag.py for tasks to queue
[2024-02-16T23:37:40.040+0000] {logging_mixin.py:154} INFO - [2024-02-16T23:37:40.040+0000] {dagbag.py:536} INFO - Filling up the DagBag from /home/airflow/.local/lib/python3.8/site-packages/airflow/example_dags/tutorial_dag.py
[2024-02-16T23:37:40.043+0000] {processor.py:839} INFO - DAG(s) dict_keys(['tutorial_dag']) retrieved from /home/airflow/.local/lib/python3.8/site-packages/airflow/example_dags/tutorial_dag.py
[2024-02-16T23:37:40.101+0000] {logging_mixin.py:154} INFO - [2024-02-16T23:37:40.101+0000] {dag.py:2941} INFO - Sync 1 DAGs
[2024-02-16T23:37:40.114+0000] {logging_mixin.py:154} INFO - [2024-02-16T23:37:40.114+0000] {dag.py:3722} INFO - Setting next_dagrun for tutorial_dag to None, run_after=None
[2024-02-16T23:37:40.130+0000] {processor.py:179} INFO - Processing /home/airflow/.local/lib/python3.8/site-packages/airflow/example_dags/tutorial_dag.py took 0.095 seconds
[2024-02-16T23:38:10.519+0000] {processor.py:157} INFO - Started process (PID=1990) to work on /home/airflow/.local/lib/python3.8/site-packages/airflow/example_dags/tutorial_dag.py
[2024-02-16T23:38:10.520+0000] {processor.py:829} INFO - Processing file /home/airflow/.local/lib/python3.8/site-packages/airflow/example_dags/tutorial_dag.py for tasks to queue
[2024-02-16T23:38:10.521+0000] {logging_mixin.py:154} INFO - [2024-02-16T23:38:10.521+0000] {dagbag.py:536} INFO - Filling up the DagBag from /home/airflow/.local/lib/python3.8/site-packages/airflow/example_dags/tutorial_dag.py
[2024-02-16T23:38:10.525+0000] {processor.py:839} INFO - DAG(s) dict_keys(['tutorial_dag']) retrieved from /home/airflow/.local/lib/python3.8/site-packages/airflow/example_dags/tutorial_dag.py
[2024-02-16T23:38:10.623+0000] {logging_mixin.py:154} INFO - [2024-02-16T23:38:10.623+0000] {dag.py:2941} INFO - Sync 1 DAGs
[2024-02-16T23:38:10.637+0000] {logging_mixin.py:154} INFO - [2024-02-16T23:38:10.637+0000] {dag.py:3722} INFO - Setting next_dagrun for tutorial_dag to None, run_after=None
[2024-02-16T23:38:10.654+0000] {processor.py:179} INFO - Processing /home/airflow/.local/lib/python3.8/site-packages/airflow/example_dags/tutorial_dag.py took 0.137 seconds
[2024-02-16T23:38:40.981+0000] {processor.py:157} INFO - Started process (PID=2044) to work on /home/airflow/.local/lib/python3.8/site-packages/airflow/example_dags/tutorial_dag.py
[2024-02-16T23:38:40.982+0000] {processor.py:829} INFO - Processing file /home/airflow/.local/lib/python3.8/site-packages/airflow/example_dags/tutorial_dag.py for tasks to queue
[2024-02-16T23:38:40.984+0000] {logging_mixin.py:154} INFO - [2024-02-16T23:38:40.984+0000] {dagbag.py:536} INFO - Filling up the DagBag from /home/airflow/.local/lib/python3.8/site-packages/airflow/example_dags/tutorial_dag.py
[2024-02-16T23:38:40.987+0000] {processor.py:839} INFO - DAG(s) dict_keys(['tutorial_dag']) retrieved from /home/airflow/.local/lib/python3.8/site-packages/airflow/example_dags/tutorial_dag.py
[2024-02-16T23:38:41.044+0000] {logging_mixin.py:154} INFO - [2024-02-16T23:38:41.044+0000] {dag.py:2941} INFO - Sync 1 DAGs
[2024-02-16T23:38:41.057+0000] {logging_mixin.py:154} INFO - [2024-02-16T23:38:41.057+0000] {dag.py:3722} INFO - Setting next_dagrun for tutorial_dag to None, run_after=None
[2024-02-16T23:38:41.074+0000] {processor.py:179} INFO - Processing /home/airflow/.local/lib/python3.8/site-packages/airflow/example_dags/tutorial_dag.py took 0.095 seconds
[2024-02-16T23:39:11.461+0000] {processor.py:157} INFO - Started process (PID=2098) to work on /home/airflow/.local/lib/python3.8/site-packages/airflow/example_dags/tutorial_dag.py
[2024-02-16T23:39:11.462+0000] {processor.py:829} INFO - Processing file /home/airflow/.local/lib/python3.8/site-packages/airflow/example_dags/tutorial_dag.py for tasks to queue
[2024-02-16T23:39:11.463+0000] {logging_mixin.py:154} INFO - [2024-02-16T23:39:11.463+0000] {dagbag.py:536} INFO - Filling up the DagBag from /home/airflow/.local/lib/python3.8/site-packages/airflow/example_dags/tutorial_dag.py
[2024-02-16T23:39:11.467+0000] {processor.py:839} INFO - DAG(s) dict_keys(['tutorial_dag']) retrieved from /home/airflow/.local/lib/python3.8/site-packages/airflow/example_dags/tutorial_dag.py
[2024-02-16T23:39:11.522+0000] {logging_mixin.py:154} INFO - [2024-02-16T23:39:11.522+0000] {dag.py:2941} INFO - Sync 1 DAGs
[2024-02-16T23:39:11.535+0000] {logging_mixin.py:154} INFO - [2024-02-16T23:39:11.535+0000] {dag.py:3722} INFO - Setting next_dagrun for tutorial_dag to None, run_after=None
[2024-02-16T23:39:11.552+0000] {processor.py:179} INFO - Processing /home/airflow/.local/lib/python3.8/site-packages/airflow/example_dags/tutorial_dag.py took 0.093 seconds
[2024-02-16T23:39:42.030+0000] {processor.py:157} INFO - Started process (PID=2152) to work on /home/airflow/.local/lib/python3.8/site-packages/airflow/example_dags/tutorial_dag.py
[2024-02-16T23:39:42.031+0000] {processor.py:829} INFO - Processing file /home/airflow/.local/lib/python3.8/site-packages/airflow/example_dags/tutorial_dag.py for tasks to queue
[2024-02-16T23:39:42.033+0000] {logging_mixin.py:154} INFO - [2024-02-16T23:39:42.032+0000] {dagbag.py:536} INFO - Filling up the DagBag from /home/airflow/.local/lib/python3.8/site-packages/airflow/example_dags/tutorial_dag.py
[2024-02-16T23:39:42.036+0000] {processor.py:839} INFO - DAG(s) dict_keys(['tutorial_dag']) retrieved from /home/airflow/.local/lib/python3.8/site-packages/airflow/example_dags/tutorial_dag.py
[2024-02-16T23:39:42.093+0000] {logging_mixin.py:154} INFO - [2024-02-16T23:39:42.093+0000] {dag.py:2941} INFO - Sync 1 DAGs
[2024-02-16T23:39:42.105+0000] {logging_mixin.py:154} INFO - [2024-02-16T23:39:42.105+0000] {dag.py:3722} INFO - Setting next_dagrun for tutorial_dag to None, run_after=None
[2024-02-16T23:39:42.121+0000] {processor.py:179} INFO - Processing /home/airflow/.local/lib/python3.8/site-packages/airflow/example_dags/tutorial_dag.py took 0.093 seconds
[2024-02-16T23:40:12.469+0000] {processor.py:157} INFO - Started process (PID=2206) to work on /home/airflow/.local/lib/python3.8/site-packages/airflow/example_dags/tutorial_dag.py
[2024-02-16T23:40:12.470+0000] {processor.py:829} INFO - Processing file /home/airflow/.local/lib/python3.8/site-packages/airflow/example_dags/tutorial_dag.py for tasks to queue
[2024-02-16T23:40:12.471+0000] {logging_mixin.py:154} INFO - [2024-02-16T23:40:12.471+0000] {dagbag.py:536} INFO - Filling up the DagBag from /home/airflow/.local/lib/python3.8/site-packages/airflow/example_dags/tutorial_dag.py
[2024-02-16T23:40:12.475+0000] {processor.py:839} INFO - DAG(s) dict_keys(['tutorial_dag']) retrieved from /home/airflow/.local/lib/python3.8/site-packages/airflow/example_dags/tutorial_dag.py
[2024-02-16T23:40:12.533+0000] {logging_mixin.py:154} INFO - [2024-02-16T23:40:12.533+0000] {dag.py:2941} INFO - Sync 1 DAGs
[2024-02-16T23:40:12.546+0000] {logging_mixin.py:154} INFO - [2024-02-16T23:40:12.546+0000] {dag.py:3722} INFO - Setting next_dagrun for tutorial_dag to None, run_after=None
[2024-02-16T23:40:12.563+0000] {processor.py:179} INFO - Processing /home/airflow/.local/lib/python3.8/site-packages/airflow/example_dags/tutorial_dag.py took 0.097 seconds
[2024-02-16T23:40:43.066+0000] {processor.py:157} INFO - Started process (PID=2267) to work on /home/airflow/.local/lib/python3.8/site-packages/airflow/example_dags/tutorial_dag.py
[2024-02-16T23:40:43.066+0000] {processor.py:829} INFO - Processing file /home/airflow/.local/lib/python3.8/site-packages/airflow/example_dags/tutorial_dag.py for tasks to queue
[2024-02-16T23:40:43.068+0000] {logging_mixin.py:154} INFO - [2024-02-16T23:40:43.068+0000] {dagbag.py:536} INFO - Filling up the DagBag from /home/airflow/.local/lib/python3.8/site-packages/airflow/example_dags/tutorial_dag.py
[2024-02-16T23:40:43.072+0000] {processor.py:839} INFO - DAG(s) dict_keys(['tutorial_dag']) retrieved from /home/airflow/.local/lib/python3.8/site-packages/airflow/example_dags/tutorial_dag.py
[2024-02-16T23:40:43.126+0000] {logging_mixin.py:154} INFO - [2024-02-16T23:40:43.126+0000] {dag.py:2941} INFO - Sync 1 DAGs
[2024-02-16T23:40:43.139+0000] {logging_mixin.py:154} INFO - [2024-02-16T23:40:43.139+0000] {dag.py:3722} INFO - Setting next_dagrun for tutorial_dag to None, run_after=None
[2024-02-16T23:40:43.155+0000] {processor.py:179} INFO - Processing /home/airflow/.local/lib/python3.8/site-packages/airflow/example_dags/tutorial_dag.py took 0.092 seconds
[2024-02-16T23:41:13.549+0000] {processor.py:157} INFO - Started process (PID=2321) to work on /home/airflow/.local/lib/python3.8/site-packages/airflow/example_dags/tutorial_dag.py
[2024-02-16T23:41:13.550+0000] {processor.py:829} INFO - Processing file /home/airflow/.local/lib/python3.8/site-packages/airflow/example_dags/tutorial_dag.py for tasks to queue
[2024-02-16T23:41:13.551+0000] {logging_mixin.py:154} INFO - [2024-02-16T23:41:13.551+0000] {dagbag.py:536} INFO - Filling up the DagBag from /home/airflow/.local/lib/python3.8/site-packages/airflow/example_dags/tutorial_dag.py
[2024-02-16T23:41:13.555+0000] {processor.py:839} INFO - DAG(s) dict_keys(['tutorial_dag']) retrieved from /home/airflow/.local/lib/python3.8/site-packages/airflow/example_dags/tutorial_dag.py
[2024-02-16T23:41:13.612+0000] {logging_mixin.py:154} INFO - [2024-02-16T23:41:13.611+0000] {dag.py:2941} INFO - Sync 1 DAGs
[2024-02-16T23:41:13.624+0000] {logging_mixin.py:154} INFO - [2024-02-16T23:41:13.624+0000] {dag.py:3722} INFO - Setting next_dagrun for tutorial_dag to None, run_after=None
[2024-02-16T23:41:13.641+0000] {processor.py:179} INFO - Processing /home/airflow/.local/lib/python3.8/site-packages/airflow/example_dags/tutorial_dag.py took 0.094 seconds
[2024-02-16T23:41:44.036+0000] {processor.py:157} INFO - Started process (PID=2375) to work on /home/airflow/.local/lib/python3.8/site-packages/airflow/example_dags/tutorial_dag.py
[2024-02-16T23:41:44.037+0000] {processor.py:829} INFO - Processing file /home/airflow/.local/lib/python3.8/site-packages/airflow/example_dags/tutorial_dag.py for tasks to queue
[2024-02-16T23:41:44.038+0000] {logging_mixin.py:154} INFO - [2024-02-16T23:41:44.038+0000] {dagbag.py:536} INFO - Filling up the DagBag from /home/airflow/.local/lib/python3.8/site-packages/airflow/example_dags/tutorial_dag.py
[2024-02-16T23:41:44.042+0000] {processor.py:839} INFO - DAG(s) dict_keys(['tutorial_dag']) retrieved from /home/airflow/.local/lib/python3.8/site-packages/airflow/example_dags/tutorial_dag.py
[2024-02-16T23:41:44.097+0000] {logging_mixin.py:154} INFO - [2024-02-16T23:41:44.097+0000] {dag.py:2941} INFO - Sync 1 DAGs
[2024-02-16T23:41:44.110+0000] {logging_mixin.py:154} INFO - [2024-02-16T23:41:44.110+0000] {dag.py:3722} INFO - Setting next_dagrun for tutorial_dag to None, run_after=None
[2024-02-16T23:41:44.126+0000] {processor.py:179} INFO - Processing /home/airflow/.local/lib/python3.8/site-packages/airflow/example_dags/tutorial_dag.py took 0.093 seconds
[2024-02-16T23:42:14.572+0000] {processor.py:157} INFO - Started process (PID=2429) to work on /home/airflow/.local/lib/python3.8/site-packages/airflow/example_dags/tutorial_dag.py
[2024-02-16T23:42:14.573+0000] {processor.py:829} INFO - Processing file /home/airflow/.local/lib/python3.8/site-packages/airflow/example_dags/tutorial_dag.py for tasks to queue
[2024-02-16T23:42:14.575+0000] {logging_mixin.py:154} INFO - [2024-02-16T23:42:14.575+0000] {dagbag.py:536} INFO - Filling up the DagBag from /home/airflow/.local/lib/python3.8/site-packages/airflow/example_dags/tutorial_dag.py
[2024-02-16T23:42:14.578+0000] {processor.py:839} INFO - DAG(s) dict_keys(['tutorial_dag']) retrieved from /home/airflow/.local/lib/python3.8/site-packages/airflow/example_dags/tutorial_dag.py
[2024-02-16T23:42:14.636+0000] {logging_mixin.py:154} INFO - [2024-02-16T23:42:14.635+0000] {dag.py:2941} INFO - Sync 1 DAGs
[2024-02-16T23:42:14.648+0000] {logging_mixin.py:154} INFO - [2024-02-16T23:42:14.648+0000] {dag.py:3722} INFO - Setting next_dagrun for tutorial_dag to None, run_after=None
[2024-02-16T23:42:14.665+0000] {processor.py:179} INFO - Processing /home/airflow/.local/lib/python3.8/site-packages/airflow/example_dags/tutorial_dag.py took 0.095 seconds
[2024-02-16T23:42:44.855+0000] {processor.py:157} INFO - Started process (PID=2483) to work on /home/airflow/.local/lib/python3.8/site-packages/airflow/example_dags/tutorial_dag.py
[2024-02-16T23:42:44.856+0000] {processor.py:829} INFO - Processing file /home/airflow/.local/lib/python3.8/site-packages/airflow/example_dags/tutorial_dag.py for tasks to queue
[2024-02-16T23:42:44.857+0000] {logging_mixin.py:154} INFO - [2024-02-16T23:42:44.857+0000] {dagbag.py:536} INFO - Filling up the DagBag from /home/airflow/.local/lib/python3.8/site-packages/airflow/example_dags/tutorial_dag.py
[2024-02-16T23:42:44.861+0000] {processor.py:839} INFO - DAG(s) dict_keys(['tutorial_dag']) retrieved from /home/airflow/.local/lib/python3.8/site-packages/airflow/example_dags/tutorial_dag.py
[2024-02-16T23:42:44.917+0000] {logging_mixin.py:154} INFO - [2024-02-16T23:42:44.917+0000] {dag.py:2941} INFO - Sync 1 DAGs
[2024-02-16T23:42:44.930+0000] {logging_mixin.py:154} INFO - [2024-02-16T23:42:44.929+0000] {dag.py:3722} INFO - Setting next_dagrun for tutorial_dag to None, run_after=None
[2024-02-16T23:42:44.946+0000] {processor.py:179} INFO - Processing /home/airflow/.local/lib/python3.8/site-packages/airflow/example_dags/tutorial_dag.py took 0.094 seconds
[2024-02-16T23:43:15.502+0000] {processor.py:157} INFO - Started process (PID=2537) to work on /home/airflow/.local/lib/python3.8/site-packages/airflow/example_dags/tutorial_dag.py
[2024-02-16T23:43:15.503+0000] {processor.py:829} INFO - Processing file /home/airflow/.local/lib/python3.8/site-packages/airflow/example_dags/tutorial_dag.py for tasks to queue
[2024-02-16T23:43:15.505+0000] {logging_mixin.py:154} INFO - [2024-02-16T23:43:15.504+0000] {dagbag.py:536} INFO - Filling up the DagBag from /home/airflow/.local/lib/python3.8/site-packages/airflow/example_dags/tutorial_dag.py
[2024-02-16T23:43:15.508+0000] {processor.py:839} INFO - DAG(s) dict_keys(['tutorial_dag']) retrieved from /home/airflow/.local/lib/python3.8/site-packages/airflow/example_dags/tutorial_dag.py
[2024-02-16T23:43:15.565+0000] {logging_mixin.py:154} INFO - [2024-02-16T23:43:15.564+0000] {dag.py:2941} INFO - Sync 1 DAGs
[2024-02-16T23:43:15.577+0000] {logging_mixin.py:154} INFO - [2024-02-16T23:43:15.577+0000] {dag.py:3722} INFO - Setting next_dagrun for tutorial_dag to None, run_after=None
[2024-02-16T23:43:15.594+0000] {processor.py:179} INFO - Processing /home/airflow/.local/lib/python3.8/site-packages/airflow/example_dags/tutorial_dag.py took 0.094 seconds
[2024-02-16T23:43:45.976+0000] {processor.py:157} INFO - Started process (PID=2591) to work on /home/airflow/.local/lib/python3.8/site-packages/airflow/example_dags/tutorial_dag.py
[2024-02-16T23:43:45.976+0000] {processor.py:829} INFO - Processing file /home/airflow/.local/lib/python3.8/site-packages/airflow/example_dags/tutorial_dag.py for tasks to queue
[2024-02-16T23:43:45.978+0000] {logging_mixin.py:154} INFO - [2024-02-16T23:43:45.978+0000] {dagbag.py:536} INFO - Filling up the DagBag from /home/airflow/.local/lib/python3.8/site-packages/airflow/example_dags/tutorial_dag.py
[2024-02-16T23:43:45.981+0000] {processor.py:839} INFO - DAG(s) dict_keys(['tutorial_dag']) retrieved from /home/airflow/.local/lib/python3.8/site-packages/airflow/example_dags/tutorial_dag.py
[2024-02-16T23:43:46.038+0000] {logging_mixin.py:154} INFO - [2024-02-16T23:43:46.038+0000] {dag.py:2941} INFO - Sync 1 DAGs
[2024-02-16T23:43:46.051+0000] {logging_mixin.py:154} INFO - [2024-02-16T23:43:46.051+0000] {dag.py:3722} INFO - Setting next_dagrun for tutorial_dag to None, run_after=None
[2024-02-16T23:43:46.067+0000] {processor.py:179} INFO - Processing /home/airflow/.local/lib/python3.8/site-packages/airflow/example_dags/tutorial_dag.py took 0.094 seconds
[2024-02-16T23:44:16.561+0000] {processor.py:157} INFO - Started process (PID=2645) to work on /home/airflow/.local/lib/python3.8/site-packages/airflow/example_dags/tutorial_dag.py
[2024-02-16T23:44:16.562+0000] {processor.py:829} INFO - Processing file /home/airflow/.local/lib/python3.8/site-packages/airflow/example_dags/tutorial_dag.py for tasks to queue
[2024-02-16T23:44:16.564+0000] {logging_mixin.py:154} INFO - [2024-02-16T23:44:16.563+0000] {dagbag.py:536} INFO - Filling up the DagBag from /home/airflow/.local/lib/python3.8/site-packages/airflow/example_dags/tutorial_dag.py
[2024-02-16T23:44:16.567+0000] {processor.py:839} INFO - DAG(s) dict_keys(['tutorial_dag']) retrieved from /home/airflow/.local/lib/python3.8/site-packages/airflow/example_dags/tutorial_dag.py
[2024-02-16T23:44:16.626+0000] {logging_mixin.py:154} INFO - [2024-02-16T23:44:16.626+0000] {dag.py:2941} INFO - Sync 1 DAGs
[2024-02-16T23:44:16.639+0000] {logging_mixin.py:154} INFO - [2024-02-16T23:44:16.639+0000] {dag.py:3722} INFO - Setting next_dagrun for tutorial_dag to None, run_after=None
[2024-02-16T23:44:16.655+0000] {processor.py:179} INFO - Processing /home/airflow/.local/lib/python3.8/site-packages/airflow/example_dags/tutorial_dag.py took 0.096 seconds
[2024-02-16T23:44:46.959+0000] {processor.py:157} INFO - Started process (PID=2699) to work on /home/airflow/.local/lib/python3.8/site-packages/airflow/example_dags/tutorial_dag.py
[2024-02-16T23:44:46.960+0000] {processor.py:829} INFO - Processing file /home/airflow/.local/lib/python3.8/site-packages/airflow/example_dags/tutorial_dag.py for tasks to queue
[2024-02-16T23:44:46.962+0000] {logging_mixin.py:154} INFO - [2024-02-16T23:44:46.961+0000] {dagbag.py:536} INFO - Filling up the DagBag from /home/airflow/.local/lib/python3.8/site-packages/airflow/example_dags/tutorial_dag.py
[2024-02-16T23:44:46.965+0000] {processor.py:839} INFO - DAG(s) dict_keys(['tutorial_dag']) retrieved from /home/airflow/.local/lib/python3.8/site-packages/airflow/example_dags/tutorial_dag.py
[2024-02-16T23:44:47.027+0000] {logging_mixin.py:154} INFO - [2024-02-16T23:44:47.027+0000] {dag.py:2941} INFO - Sync 1 DAGs
[2024-02-16T23:44:47.040+0000] {logging_mixin.py:154} INFO - [2024-02-16T23:44:47.040+0000] {dag.py:3722} INFO - Setting next_dagrun for tutorial_dag to None, run_after=None
[2024-02-16T23:44:47.058+0000] {processor.py:179} INFO - Processing /home/airflow/.local/lib/python3.8/site-packages/airflow/example_dags/tutorial_dag.py took 0.100 seconds
[2024-02-16T23:45:17.490+0000] {processor.py:157} INFO - Started process (PID=2753) to work on /home/airflow/.local/lib/python3.8/site-packages/airflow/example_dags/tutorial_dag.py
[2024-02-16T23:45:17.491+0000] {processor.py:829} INFO - Processing file /home/airflow/.local/lib/python3.8/site-packages/airflow/example_dags/tutorial_dag.py for tasks to queue
[2024-02-16T23:45:17.493+0000] {logging_mixin.py:154} INFO - [2024-02-16T23:45:17.492+0000] {dagbag.py:536} INFO - Filling up the DagBag from /home/airflow/.local/lib/python3.8/site-packages/airflow/example_dags/tutorial_dag.py
[2024-02-16T23:45:17.496+0000] {processor.py:839} INFO - DAG(s) dict_keys(['tutorial_dag']) retrieved from /home/airflow/.local/lib/python3.8/site-packages/airflow/example_dags/tutorial_dag.py
[2024-02-16T23:45:17.555+0000] {logging_mixin.py:154} INFO - [2024-02-16T23:45:17.555+0000] {dag.py:2941} INFO - Sync 1 DAGs
[2024-02-16T23:45:17.567+0000] {logging_mixin.py:154} INFO - [2024-02-16T23:45:17.567+0000] {dag.py:3722} INFO - Setting next_dagrun for tutorial_dag to None, run_after=None
[2024-02-16T23:45:17.583+0000] {processor.py:179} INFO - Processing /home/airflow/.local/lib/python3.8/site-packages/airflow/example_dags/tutorial_dag.py took 0.095 seconds
[2024-02-16T23:45:48.119+0000] {processor.py:157} INFO - Started process (PID=2807) to work on /home/airflow/.local/lib/python3.8/site-packages/airflow/example_dags/tutorial_dag.py
[2024-02-16T23:45:48.120+0000] {processor.py:829} INFO - Processing file /home/airflow/.local/lib/python3.8/site-packages/airflow/example_dags/tutorial_dag.py for tasks to queue
[2024-02-16T23:45:48.121+0000] {logging_mixin.py:154} INFO - [2024-02-16T23:45:48.121+0000] {dagbag.py:536} INFO - Filling up the DagBag from /home/airflow/.local/lib/python3.8/site-packages/airflow/example_dags/tutorial_dag.py
[2024-02-16T23:45:48.125+0000] {processor.py:839} INFO - DAG(s) dict_keys(['tutorial_dag']) retrieved from /home/airflow/.local/lib/python3.8/site-packages/airflow/example_dags/tutorial_dag.py
[2024-02-16T23:45:48.180+0000] {logging_mixin.py:154} INFO - [2024-02-16T23:45:48.180+0000] {dag.py:2941} INFO - Sync 1 DAGs
[2024-02-16T23:45:48.193+0000] {logging_mixin.py:154} INFO - [2024-02-16T23:45:48.193+0000] {dag.py:3722} INFO - Setting next_dagrun for tutorial_dag to None, run_after=None
[2024-02-16T23:45:48.210+0000] {processor.py:179} INFO - Processing /home/airflow/.local/lib/python3.8/site-packages/airflow/example_dags/tutorial_dag.py took 0.093 seconds
[2024-02-16T23:46:18.741+0000] {processor.py:157} INFO - Started process (PID=2861) to work on /home/airflow/.local/lib/python3.8/site-packages/airflow/example_dags/tutorial_dag.py
[2024-02-16T23:46:18.742+0000] {processor.py:829} INFO - Processing file /home/airflow/.local/lib/python3.8/site-packages/airflow/example_dags/tutorial_dag.py for tasks to queue
[2024-02-16T23:46:18.743+0000] {logging_mixin.py:154} INFO - [2024-02-16T23:46:18.743+0000] {dagbag.py:536} INFO - Filling up the DagBag from /home/airflow/.local/lib/python3.8/site-packages/airflow/example_dags/tutorial_dag.py
[2024-02-16T23:46:18.748+0000] {processor.py:839} INFO - DAG(s) dict_keys(['tutorial_dag']) retrieved from /home/airflow/.local/lib/python3.8/site-packages/airflow/example_dags/tutorial_dag.py
[2024-02-16T23:46:18.803+0000] {logging_mixin.py:154} INFO - [2024-02-16T23:46:18.803+0000] {dag.py:2941} INFO - Sync 1 DAGs
[2024-02-16T23:46:18.815+0000] {logging_mixin.py:154} INFO - [2024-02-16T23:46:18.815+0000] {dag.py:3722} INFO - Setting next_dagrun for tutorial_dag to None, run_after=None
[2024-02-16T23:46:18.831+0000] {processor.py:179} INFO - Processing /home/airflow/.local/lib/python3.8/site-packages/airflow/example_dags/tutorial_dag.py took 0.092 seconds
[2024-02-16T23:46:49.196+0000] {processor.py:157} INFO - Started process (PID=2915) to work on /home/airflow/.local/lib/python3.8/site-packages/airflow/example_dags/tutorial_dag.py
[2024-02-16T23:46:49.197+0000] {processor.py:829} INFO - Processing file /home/airflow/.local/lib/python3.8/site-packages/airflow/example_dags/tutorial_dag.py for tasks to queue
[2024-02-16T23:46:49.198+0000] {logging_mixin.py:154} INFO - [2024-02-16T23:46:49.198+0000] {dagbag.py:536} INFO - Filling up the DagBag from /home/airflow/.local/lib/python3.8/site-packages/airflow/example_dags/tutorial_dag.py
[2024-02-16T23:46:49.201+0000] {processor.py:839} INFO - DAG(s) dict_keys(['tutorial_dag']) retrieved from /home/airflow/.local/lib/python3.8/site-packages/airflow/example_dags/tutorial_dag.py
[2024-02-16T23:46:49.258+0000] {logging_mixin.py:154} INFO - [2024-02-16T23:46:49.258+0000] {dag.py:2941} INFO - Sync 1 DAGs
[2024-02-16T23:46:49.270+0000] {logging_mixin.py:154} INFO - [2024-02-16T23:46:49.270+0000] {dag.py:3722} INFO - Setting next_dagrun for tutorial_dag to None, run_after=None
[2024-02-16T23:46:49.286+0000] {processor.py:179} INFO - Processing /home/airflow/.local/lib/python3.8/site-packages/airflow/example_dags/tutorial_dag.py took 0.092 seconds
[2024-02-16T23:47:19.687+0000] {processor.py:157} INFO - Started process (PID=2969) to work on /home/airflow/.local/lib/python3.8/site-packages/airflow/example_dags/tutorial_dag.py
[2024-02-16T23:47:19.688+0000] {processor.py:829} INFO - Processing file /home/airflow/.local/lib/python3.8/site-packages/airflow/example_dags/tutorial_dag.py for tasks to queue
[2024-02-16T23:47:19.689+0000] {logging_mixin.py:154} INFO - [2024-02-16T23:47:19.689+0000] {dagbag.py:536} INFO - Filling up the DagBag from /home/airflow/.local/lib/python3.8/site-packages/airflow/example_dags/tutorial_dag.py
[2024-02-16T23:47:19.693+0000] {processor.py:839} INFO - DAG(s) dict_keys(['tutorial_dag']) retrieved from /home/airflow/.local/lib/python3.8/site-packages/airflow/example_dags/tutorial_dag.py
[2024-02-16T23:47:19.749+0000] {logging_mixin.py:154} INFO - [2024-02-16T23:47:19.749+0000] {dag.py:2941} INFO - Sync 1 DAGs
[2024-02-16T23:47:19.767+0000] {logging_mixin.py:154} INFO - [2024-02-16T23:47:19.766+0000] {dag.py:3722} INFO - Setting next_dagrun for tutorial_dag to None, run_after=None
[2024-02-16T23:47:19.795+0000] {processor.py:179} INFO - Processing /home/airflow/.local/lib/python3.8/site-packages/airflow/example_dags/tutorial_dag.py took 0.110 seconds
[2024-02-16T23:47:50.188+0000] {processor.py:157} INFO - Started process (PID=3023) to work on /home/airflow/.local/lib/python3.8/site-packages/airflow/example_dags/tutorial_dag.py
[2024-02-16T23:47:50.189+0000] {processor.py:829} INFO - Processing file /home/airflow/.local/lib/python3.8/site-packages/airflow/example_dags/tutorial_dag.py for tasks to queue
[2024-02-16T23:47:50.191+0000] {logging_mixin.py:154} INFO - [2024-02-16T23:47:50.191+0000] {dagbag.py:536} INFO - Filling up the DagBag from /home/airflow/.local/lib/python3.8/site-packages/airflow/example_dags/tutorial_dag.py
[2024-02-16T23:47:50.194+0000] {processor.py:839} INFO - DAG(s) dict_keys(['tutorial_dag']) retrieved from /home/airflow/.local/lib/python3.8/site-packages/airflow/example_dags/tutorial_dag.py
[2024-02-16T23:47:50.249+0000] {logging_mixin.py:154} INFO - [2024-02-16T23:47:50.249+0000] {dag.py:2941} INFO - Sync 1 DAGs
[2024-02-16T23:47:50.262+0000] {logging_mixin.py:154} INFO - [2024-02-16T23:47:50.262+0000] {dag.py:3722} INFO - Setting next_dagrun for tutorial_dag to None, run_after=None
[2024-02-16T23:47:50.278+0000] {processor.py:179} INFO - Processing /home/airflow/.local/lib/python3.8/site-packages/airflow/example_dags/tutorial_dag.py took 0.092 seconds
[2024-02-16T23:48:20.670+0000] {processor.py:157} INFO - Started process (PID=3077) to work on /home/airflow/.local/lib/python3.8/site-packages/airflow/example_dags/tutorial_dag.py
[2024-02-16T23:48:20.671+0000] {processor.py:829} INFO - Processing file /home/airflow/.local/lib/python3.8/site-packages/airflow/example_dags/tutorial_dag.py for tasks to queue
[2024-02-16T23:48:20.672+0000] {logging_mixin.py:154} INFO - [2024-02-16T23:48:20.672+0000] {dagbag.py:536} INFO - Filling up the DagBag from /home/airflow/.local/lib/python3.8/site-packages/airflow/example_dags/tutorial_dag.py
[2024-02-16T23:48:20.676+0000] {processor.py:839} INFO - DAG(s) dict_keys(['tutorial_dag']) retrieved from /home/airflow/.local/lib/python3.8/site-packages/airflow/example_dags/tutorial_dag.py
[2024-02-16T23:48:20.736+0000] {logging_mixin.py:154} INFO - [2024-02-16T23:48:20.736+0000] {dag.py:2941} INFO - Sync 1 DAGs
[2024-02-16T23:48:20.752+0000] {logging_mixin.py:154} INFO - [2024-02-16T23:48:20.752+0000] {dag.py:3722} INFO - Setting next_dagrun for tutorial_dag to None, run_after=None
[2024-02-16T23:48:20.768+0000] {processor.py:179} INFO - Processing /home/airflow/.local/lib/python3.8/site-packages/airflow/example_dags/tutorial_dag.py took 0.101 seconds
[2024-02-16T23:48:51.262+0000] {processor.py:157} INFO - Started process (PID=3131) to work on /home/airflow/.local/lib/python3.8/site-packages/airflow/example_dags/tutorial_dag.py
[2024-02-16T23:48:51.263+0000] {processor.py:829} INFO - Processing file /home/airflow/.local/lib/python3.8/site-packages/airflow/example_dags/tutorial_dag.py for tasks to queue
[2024-02-16T23:48:51.265+0000] {logging_mixin.py:154} INFO - [2024-02-16T23:48:51.264+0000] {dagbag.py:536} INFO - Filling up the DagBag from /home/airflow/.local/lib/python3.8/site-packages/airflow/example_dags/tutorial_dag.py
[2024-02-16T23:48:51.270+0000] {processor.py:839} INFO - DAG(s) dict_keys(['tutorial_dag']) retrieved from /home/airflow/.local/lib/python3.8/site-packages/airflow/example_dags/tutorial_dag.py
[2024-02-16T23:48:51.356+0000] {logging_mixin.py:154} INFO - [2024-02-16T23:48:51.356+0000] {dag.py:2941} INFO - Sync 1 DAGs
[2024-02-16T23:48:51.373+0000] {logging_mixin.py:154} INFO - [2024-02-16T23:48:51.373+0000] {dag.py:3722} INFO - Setting next_dagrun for tutorial_dag to None, run_after=None
[2024-02-16T23:48:51.394+0000] {processor.py:179} INFO - Processing /home/airflow/.local/lib/python3.8/site-packages/airflow/example_dags/tutorial_dag.py took 0.136 seconds
[2024-02-16T23:49:21.736+0000] {processor.py:157} INFO - Started process (PID=3185) to work on /home/airflow/.local/lib/python3.8/site-packages/airflow/example_dags/tutorial_dag.py
[2024-02-16T23:49:21.737+0000] {processor.py:829} INFO - Processing file /home/airflow/.local/lib/python3.8/site-packages/airflow/example_dags/tutorial_dag.py for tasks to queue
[2024-02-16T23:49:21.739+0000] {logging_mixin.py:154} INFO - [2024-02-16T23:49:21.738+0000] {dagbag.py:536} INFO - Filling up the DagBag from /home/airflow/.local/lib/python3.8/site-packages/airflow/example_dags/tutorial_dag.py
[2024-02-16T23:49:21.743+0000] {processor.py:839} INFO - DAG(s) dict_keys(['tutorial_dag']) retrieved from /home/airflow/.local/lib/python3.8/site-packages/airflow/example_dags/tutorial_dag.py
[2024-02-16T23:49:21.799+0000] {logging_mixin.py:154} INFO - [2024-02-16T23:49:21.799+0000] {dag.py:2941} INFO - Sync 1 DAGs
[2024-02-16T23:49:21.816+0000] {logging_mixin.py:154} INFO - [2024-02-16T23:49:21.815+0000] {dag.py:3722} INFO - Setting next_dagrun for tutorial_dag to None, run_after=None
[2024-02-16T23:49:21.913+0000] {processor.py:179} INFO - Processing /home/airflow/.local/lib/python3.8/site-packages/airflow/example_dags/tutorial_dag.py took 0.179 seconds
[2024-02-16T23:49:52.249+0000] {processor.py:157} INFO - Started process (PID=3240) to work on /home/airflow/.local/lib/python3.8/site-packages/airflow/example_dags/tutorial_dag.py
[2024-02-16T23:49:52.249+0000] {processor.py:829} INFO - Processing file /home/airflow/.local/lib/python3.8/site-packages/airflow/example_dags/tutorial_dag.py for tasks to queue
[2024-02-16T23:49:52.251+0000] {logging_mixin.py:154} INFO - [2024-02-16T23:49:52.251+0000] {dagbag.py:536} INFO - Filling up the DagBag from /home/airflow/.local/lib/python3.8/site-packages/airflow/example_dags/tutorial_dag.py
[2024-02-16T23:49:52.255+0000] {processor.py:839} INFO - DAG(s) dict_keys(['tutorial_dag']) retrieved from /home/airflow/.local/lib/python3.8/site-packages/airflow/example_dags/tutorial_dag.py
[2024-02-16T23:49:52.312+0000] {logging_mixin.py:154} INFO - [2024-02-16T23:49:52.312+0000] {dag.py:2941} INFO - Sync 1 DAGs
[2024-02-16T23:49:52.325+0000] {logging_mixin.py:154} INFO - [2024-02-16T23:49:52.325+0000] {dag.py:3722} INFO - Setting next_dagrun for tutorial_dag to None, run_after=None
[2024-02-16T23:49:52.344+0000] {processor.py:179} INFO - Processing /home/airflow/.local/lib/python3.8/site-packages/airflow/example_dags/tutorial_dag.py took 0.097 seconds
[2024-02-16T23:50:22.600+0000] {processor.py:157} INFO - Started process (PID=3294) to work on /home/airflow/.local/lib/python3.8/site-packages/airflow/example_dags/tutorial_dag.py
[2024-02-16T23:50:22.601+0000] {processor.py:829} INFO - Processing file /home/airflow/.local/lib/python3.8/site-packages/airflow/example_dags/tutorial_dag.py for tasks to queue
[2024-02-16T23:50:22.603+0000] {logging_mixin.py:154} INFO - [2024-02-16T23:50:22.603+0000] {dagbag.py:536} INFO - Filling up the DagBag from /home/airflow/.local/lib/python3.8/site-packages/airflow/example_dags/tutorial_dag.py
[2024-02-16T23:50:22.606+0000] {processor.py:839} INFO - DAG(s) dict_keys(['tutorial_dag']) retrieved from /home/airflow/.local/lib/python3.8/site-packages/airflow/example_dags/tutorial_dag.py
[2024-02-16T23:50:22.662+0000] {logging_mixin.py:154} INFO - [2024-02-16T23:50:22.662+0000] {dag.py:2941} INFO - Sync 1 DAGs
[2024-02-16T23:50:22.675+0000] {logging_mixin.py:154} INFO - [2024-02-16T23:50:22.675+0000] {dag.py:3722} INFO - Setting next_dagrun for tutorial_dag to None, run_after=None
[2024-02-16T23:50:22.691+0000] {processor.py:179} INFO - Processing /home/airflow/.local/lib/python3.8/site-packages/airflow/example_dags/tutorial_dag.py took 0.093 seconds
[2024-02-16T23:50:53.038+0000] {processor.py:157} INFO - Started process (PID=3348) to work on /home/airflow/.local/lib/python3.8/site-packages/airflow/example_dags/tutorial_dag.py
[2024-02-16T23:50:53.039+0000] {processor.py:829} INFO - Processing file /home/airflow/.local/lib/python3.8/site-packages/airflow/example_dags/tutorial_dag.py for tasks to queue
[2024-02-16T23:50:53.041+0000] {logging_mixin.py:154} INFO - [2024-02-16T23:50:53.041+0000] {dagbag.py:536} INFO - Filling up the DagBag from /home/airflow/.local/lib/python3.8/site-packages/airflow/example_dags/tutorial_dag.py
[2024-02-16T23:50:53.045+0000] {processor.py:839} INFO - DAG(s) dict_keys(['tutorial_dag']) retrieved from /home/airflow/.local/lib/python3.8/site-packages/airflow/example_dags/tutorial_dag.py
[2024-02-16T23:50:53.108+0000] {logging_mixin.py:154} INFO - [2024-02-16T23:50:53.107+0000] {dag.py:2941} INFO - Sync 1 DAGs
[2024-02-16T23:50:53.121+0000] {logging_mixin.py:154} INFO - [2024-02-16T23:50:53.121+0000] {dag.py:3722} INFO - Setting next_dagrun for tutorial_dag to None, run_after=None
[2024-02-16T23:50:53.137+0000] {processor.py:179} INFO - Processing /home/airflow/.local/lib/python3.8/site-packages/airflow/example_dags/tutorial_dag.py took 0.101 seconds
[2024-02-16T23:51:23.418+0000] {processor.py:157} INFO - Started process (PID=3402) to work on /home/airflow/.local/lib/python3.8/site-packages/airflow/example_dags/tutorial_dag.py
[2024-02-16T23:51:23.419+0000] {processor.py:829} INFO - Processing file /home/airflow/.local/lib/python3.8/site-packages/airflow/example_dags/tutorial_dag.py for tasks to queue
[2024-02-16T23:51:23.421+0000] {logging_mixin.py:154} INFO - [2024-02-16T23:51:23.421+0000] {dagbag.py:536} INFO - Filling up the DagBag from /home/airflow/.local/lib/python3.8/site-packages/airflow/example_dags/tutorial_dag.py
[2024-02-16T23:51:23.424+0000] {processor.py:839} INFO - DAG(s) dict_keys(['tutorial_dag']) retrieved from /home/airflow/.local/lib/python3.8/site-packages/airflow/example_dags/tutorial_dag.py
[2024-02-16T23:51:23.480+0000] {logging_mixin.py:154} INFO - [2024-02-16T23:51:23.480+0000] {dag.py:2941} INFO - Sync 1 DAGs
[2024-02-16T23:51:23.493+0000] {logging_mixin.py:154} INFO - [2024-02-16T23:51:23.493+0000] {dag.py:3722} INFO - Setting next_dagrun for tutorial_dag to None, run_after=None
[2024-02-16T23:51:23.509+0000] {processor.py:179} INFO - Processing /home/airflow/.local/lib/python3.8/site-packages/airflow/example_dags/tutorial_dag.py took 0.093 seconds
[2024-02-16T23:51:53.978+0000] {processor.py:157} INFO - Started process (PID=3456) to work on /home/airflow/.local/lib/python3.8/site-packages/airflow/example_dags/tutorial_dag.py
[2024-02-16T23:51:53.979+0000] {processor.py:829} INFO - Processing file /home/airflow/.local/lib/python3.8/site-packages/airflow/example_dags/tutorial_dag.py for tasks to queue
[2024-02-16T23:51:53.980+0000] {logging_mixin.py:154} INFO - [2024-02-16T23:51:53.980+0000] {dagbag.py:536} INFO - Filling up the DagBag from /home/airflow/.local/lib/python3.8/site-packages/airflow/example_dags/tutorial_dag.py
[2024-02-16T23:51:53.983+0000] {processor.py:839} INFO - DAG(s) dict_keys(['tutorial_dag']) retrieved from /home/airflow/.local/lib/python3.8/site-packages/airflow/example_dags/tutorial_dag.py
[2024-02-16T23:51:54.040+0000] {logging_mixin.py:154} INFO - [2024-02-16T23:51:54.040+0000] {dag.py:2941} INFO - Sync 1 DAGs
[2024-02-16T23:51:54.053+0000] {logging_mixin.py:154} INFO - [2024-02-16T23:51:54.053+0000] {dag.py:3722} INFO - Setting next_dagrun for tutorial_dag to None, run_after=None
[2024-02-16T23:51:54.070+0000] {processor.py:179} INFO - Processing /home/airflow/.local/lib/python3.8/site-packages/airflow/example_dags/tutorial_dag.py took 0.094 seconds
[2024-02-16T23:52:24.449+0000] {processor.py:157} INFO - Started process (PID=3510) to work on /home/airflow/.local/lib/python3.8/site-packages/airflow/example_dags/tutorial_dag.py
[2024-02-16T23:52:24.450+0000] {processor.py:829} INFO - Processing file /home/airflow/.local/lib/python3.8/site-packages/airflow/example_dags/tutorial_dag.py for tasks to queue
[2024-02-16T23:52:24.451+0000] {logging_mixin.py:154} INFO - [2024-02-16T23:52:24.451+0000] {dagbag.py:536} INFO - Filling up the DagBag from /home/airflow/.local/lib/python3.8/site-packages/airflow/example_dags/tutorial_dag.py
[2024-02-16T23:52:24.455+0000] {processor.py:839} INFO - DAG(s) dict_keys(['tutorial_dag']) retrieved from /home/airflow/.local/lib/python3.8/site-packages/airflow/example_dags/tutorial_dag.py
[2024-02-16T23:52:24.520+0000] {logging_mixin.py:154} INFO - [2024-02-16T23:52:24.520+0000] {dag.py:2941} INFO - Sync 1 DAGs
[2024-02-16T23:52:24.534+0000] {logging_mixin.py:154} INFO - [2024-02-16T23:52:24.534+0000] {dag.py:3722} INFO - Setting next_dagrun for tutorial_dag to None, run_after=None
[2024-02-16T23:52:24.551+0000] {processor.py:179} INFO - Processing /home/airflow/.local/lib/python3.8/site-packages/airflow/example_dags/tutorial_dag.py took 0.105 seconds
[2024-02-16T23:52:54.996+0000] {processor.py:157} INFO - Started process (PID=3564) to work on /home/airflow/.local/lib/python3.8/site-packages/airflow/example_dags/tutorial_dag.py
[2024-02-16T23:52:54.997+0000] {processor.py:829} INFO - Processing file /home/airflow/.local/lib/python3.8/site-packages/airflow/example_dags/tutorial_dag.py for tasks to queue
[2024-02-16T23:52:54.999+0000] {logging_mixin.py:154} INFO - [2024-02-16T23:52:54.998+0000] {dagbag.py:536} INFO - Filling up the DagBag from /home/airflow/.local/lib/python3.8/site-packages/airflow/example_dags/tutorial_dag.py
[2024-02-16T23:52:55.004+0000] {processor.py:839} INFO - DAG(s) dict_keys(['tutorial_dag']) retrieved from /home/airflow/.local/lib/python3.8/site-packages/airflow/example_dags/tutorial_dag.py
[2024-02-16T23:52:55.065+0000] {logging_mixin.py:154} INFO - [2024-02-16T23:52:55.065+0000] {dag.py:2941} INFO - Sync 1 DAGs
[2024-02-16T23:52:55.078+0000] {logging_mixin.py:154} INFO - [2024-02-16T23:52:55.078+0000] {dag.py:3722} INFO - Setting next_dagrun for tutorial_dag to None, run_after=None
[2024-02-16T23:52:55.094+0000] {processor.py:179} INFO - Processing /home/airflow/.local/lib/python3.8/site-packages/airflow/example_dags/tutorial_dag.py took 0.101 seconds
[2024-02-16T23:53:25.538+0000] {processor.py:157} INFO - Started process (PID=3618) to work on /home/airflow/.local/lib/python3.8/site-packages/airflow/example_dags/tutorial_dag.py
[2024-02-16T23:53:25.539+0000] {processor.py:829} INFO - Processing file /home/airflow/.local/lib/python3.8/site-packages/airflow/example_dags/tutorial_dag.py for tasks to queue
[2024-02-16T23:53:25.540+0000] {logging_mixin.py:154} INFO - [2024-02-16T23:53:25.540+0000] {dagbag.py:536} INFO - Filling up the DagBag from /home/airflow/.local/lib/python3.8/site-packages/airflow/example_dags/tutorial_dag.py
[2024-02-16T23:53:25.543+0000] {processor.py:839} INFO - DAG(s) dict_keys(['tutorial_dag']) retrieved from /home/airflow/.local/lib/python3.8/site-packages/airflow/example_dags/tutorial_dag.py
[2024-02-16T23:53:25.599+0000] {logging_mixin.py:154} INFO - [2024-02-16T23:53:25.599+0000] {dag.py:2941} INFO - Sync 1 DAGs
[2024-02-16T23:53:25.611+0000] {logging_mixin.py:154} INFO - [2024-02-16T23:53:25.611+0000] {dag.py:3722} INFO - Setting next_dagrun for tutorial_dag to None, run_after=None
[2024-02-16T23:53:25.627+0000] {processor.py:179} INFO - Processing /home/airflow/.local/lib/python3.8/site-packages/airflow/example_dags/tutorial_dag.py took 0.091 seconds
[2024-02-16T23:53:56.030+0000] {processor.py:157} INFO - Started process (PID=3672) to work on /home/airflow/.local/lib/python3.8/site-packages/airflow/example_dags/tutorial_dag.py
[2024-02-16T23:53:56.030+0000] {processor.py:829} INFO - Processing file /home/airflow/.local/lib/python3.8/site-packages/airflow/example_dags/tutorial_dag.py for tasks to queue
[2024-02-16T23:53:56.032+0000] {logging_mixin.py:154} INFO - [2024-02-16T23:53:56.032+0000] {dagbag.py:536} INFO - Filling up the DagBag from /home/airflow/.local/lib/python3.8/site-packages/airflow/example_dags/tutorial_dag.py
[2024-02-16T23:53:56.036+0000] {processor.py:839} INFO - DAG(s) dict_keys(['tutorial_dag']) retrieved from /home/airflow/.local/lib/python3.8/site-packages/airflow/example_dags/tutorial_dag.py
[2024-02-16T23:53:56.091+0000] {logging_mixin.py:154} INFO - [2024-02-16T23:53:56.091+0000] {dag.py:2941} INFO - Sync 1 DAGs
[2024-02-16T23:53:56.104+0000] {logging_mixin.py:154} INFO - [2024-02-16T23:53:56.104+0000] {dag.py:3722} INFO - Setting next_dagrun for tutorial_dag to None, run_after=None
[2024-02-16T23:53:56.120+0000] {processor.py:179} INFO - Processing /home/airflow/.local/lib/python3.8/site-packages/airflow/example_dags/tutorial_dag.py took 0.093 seconds
[2024-02-16T23:54:26.484+0000] {processor.py:157} INFO - Started process (PID=3726) to work on /home/airflow/.local/lib/python3.8/site-packages/airflow/example_dags/tutorial_dag.py
[2024-02-16T23:54:26.485+0000] {processor.py:829} INFO - Processing file /home/airflow/.local/lib/python3.8/site-packages/airflow/example_dags/tutorial_dag.py for tasks to queue
[2024-02-16T23:54:26.486+0000] {logging_mixin.py:154} INFO - [2024-02-16T23:54:26.486+0000] {dagbag.py:536} INFO - Filling up the DagBag from /home/airflow/.local/lib/python3.8/site-packages/airflow/example_dags/tutorial_dag.py
[2024-02-16T23:54:26.490+0000] {processor.py:839} INFO - DAG(s) dict_keys(['tutorial_dag']) retrieved from /home/airflow/.local/lib/python3.8/site-packages/airflow/example_dags/tutorial_dag.py
[2024-02-16T23:54:26.546+0000] {logging_mixin.py:154} INFO - [2024-02-16T23:54:26.546+0000] {dag.py:2941} INFO - Sync 1 DAGs
[2024-02-16T23:54:26.559+0000] {logging_mixin.py:154} INFO - [2024-02-16T23:54:26.559+0000] {dag.py:3722} INFO - Setting next_dagrun for tutorial_dag to None, run_after=None
[2024-02-16T23:54:26.575+0000] {processor.py:179} INFO - Processing /home/airflow/.local/lib/python3.8/site-packages/airflow/example_dags/tutorial_dag.py took 0.094 seconds
[2024-02-16T23:54:57.098+0000] {processor.py:157} INFO - Started process (PID=3780) to work on /home/airflow/.local/lib/python3.8/site-packages/airflow/example_dags/tutorial_dag.py
[2024-02-16T23:54:57.099+0000] {processor.py:829} INFO - Processing file /home/airflow/.local/lib/python3.8/site-packages/airflow/example_dags/tutorial_dag.py for tasks to queue
[2024-02-16T23:54:57.100+0000] {logging_mixin.py:154} INFO - [2024-02-16T23:54:57.100+0000] {dagbag.py:536} INFO - Filling up the DagBag from /home/airflow/.local/lib/python3.8/site-packages/airflow/example_dags/tutorial_dag.py
[2024-02-16T23:54:57.103+0000] {processor.py:839} INFO - DAG(s) dict_keys(['tutorial_dag']) retrieved from /home/airflow/.local/lib/python3.8/site-packages/airflow/example_dags/tutorial_dag.py
[2024-02-16T23:54:57.159+0000] {logging_mixin.py:154} INFO - [2024-02-16T23:54:57.159+0000] {dag.py:2941} INFO - Sync 1 DAGs
[2024-02-16T23:54:57.172+0000] {logging_mixin.py:154} INFO - [2024-02-16T23:54:57.172+0000] {dag.py:3722} INFO - Setting next_dagrun for tutorial_dag to None, run_after=None
[2024-02-16T23:54:57.188+0000] {processor.py:179} INFO - Processing /home/airflow/.local/lib/python3.8/site-packages/airflow/example_dags/tutorial_dag.py took 0.092 seconds
[2024-02-16T23:55:27.456+0000] {processor.py:157} INFO - Started process (PID=3834) to work on /home/airflow/.local/lib/python3.8/site-packages/airflow/example_dags/tutorial_dag.py
[2024-02-16T23:55:27.456+0000] {processor.py:829} INFO - Processing file /home/airflow/.local/lib/python3.8/site-packages/airflow/example_dags/tutorial_dag.py for tasks to queue
[2024-02-16T23:55:27.458+0000] {logging_mixin.py:154} INFO - [2024-02-16T23:55:27.458+0000] {dagbag.py:536} INFO - Filling up the DagBag from /home/airflow/.local/lib/python3.8/site-packages/airflow/example_dags/tutorial_dag.py
[2024-02-16T23:55:27.461+0000] {processor.py:839} INFO - DAG(s) dict_keys(['tutorial_dag']) retrieved from /home/airflow/.local/lib/python3.8/site-packages/airflow/example_dags/tutorial_dag.py
[2024-02-16T23:55:27.517+0000] {logging_mixin.py:154} INFO - [2024-02-16T23:55:27.517+0000] {dag.py:2941} INFO - Sync 1 DAGs
[2024-02-16T23:55:27.530+0000] {logging_mixin.py:154} INFO - [2024-02-16T23:55:27.530+0000] {dag.py:3722} INFO - Setting next_dagrun for tutorial_dag to None, run_after=None
[2024-02-16T23:55:27.546+0000] {processor.py:179} INFO - Processing /home/airflow/.local/lib/python3.8/site-packages/airflow/example_dags/tutorial_dag.py took 0.092 seconds
[2024-02-16T23:55:57.721+0000] {processor.py:157} INFO - Started process (PID=3888) to work on /home/airflow/.local/lib/python3.8/site-packages/airflow/example_dags/tutorial_dag.py
[2024-02-16T23:55:57.722+0000] {processor.py:829} INFO - Processing file /home/airflow/.local/lib/python3.8/site-packages/airflow/example_dags/tutorial_dag.py for tasks to queue
[2024-02-16T23:55:57.723+0000] {logging_mixin.py:154} INFO - [2024-02-16T23:55:57.723+0000] {dagbag.py:536} INFO - Filling up the DagBag from /home/airflow/.local/lib/python3.8/site-packages/airflow/example_dags/tutorial_dag.py
[2024-02-16T23:55:57.727+0000] {processor.py:839} INFO - DAG(s) dict_keys(['tutorial_dag']) retrieved from /home/airflow/.local/lib/python3.8/site-packages/airflow/example_dags/tutorial_dag.py
[2024-02-16T23:55:57.782+0000] {logging_mixin.py:154} INFO - [2024-02-16T23:55:57.782+0000] {dag.py:2941} INFO - Sync 1 DAGs
[2024-02-16T23:55:57.795+0000] {logging_mixin.py:154} INFO - [2024-02-16T23:55:57.795+0000] {dag.py:3722} INFO - Setting next_dagrun for tutorial_dag to None, run_after=None
[2024-02-16T23:55:57.811+0000] {processor.py:179} INFO - Processing /home/airflow/.local/lib/python3.8/site-packages/airflow/example_dags/tutorial_dag.py took 0.092 seconds
[2024-02-16T23:56:28.247+0000] {processor.py:157} INFO - Started process (PID=3942) to work on /home/airflow/.local/lib/python3.8/site-packages/airflow/example_dags/tutorial_dag.py
[2024-02-16T23:56:28.248+0000] {processor.py:829} INFO - Processing file /home/airflow/.local/lib/python3.8/site-packages/airflow/example_dags/tutorial_dag.py for tasks to queue
[2024-02-16T23:56:28.249+0000] {logging_mixin.py:154} INFO - [2024-02-16T23:56:28.249+0000] {dagbag.py:536} INFO - Filling up the DagBag from /home/airflow/.local/lib/python3.8/site-packages/airflow/example_dags/tutorial_dag.py
[2024-02-16T23:56:28.253+0000] {processor.py:839} INFO - DAG(s) dict_keys(['tutorial_dag']) retrieved from /home/airflow/.local/lib/python3.8/site-packages/airflow/example_dags/tutorial_dag.py
[2024-02-16T23:56:28.309+0000] {logging_mixin.py:154} INFO - [2024-02-16T23:56:28.309+0000] {dag.py:2941} INFO - Sync 1 DAGs
[2024-02-16T23:56:28.322+0000] {logging_mixin.py:154} INFO - [2024-02-16T23:56:28.322+0000] {dag.py:3722} INFO - Setting next_dagrun for tutorial_dag to None, run_after=None
[2024-02-16T23:56:28.338+0000] {processor.py:179} INFO - Processing /home/airflow/.local/lib/python3.8/site-packages/airflow/example_dags/tutorial_dag.py took 0.093 seconds
[2024-02-16T23:56:58.847+0000] {processor.py:157} INFO - Started process (PID=3996) to work on /home/airflow/.local/lib/python3.8/site-packages/airflow/example_dags/tutorial_dag.py
[2024-02-16T23:56:58.848+0000] {processor.py:829} INFO - Processing file /home/airflow/.local/lib/python3.8/site-packages/airflow/example_dags/tutorial_dag.py for tasks to queue
[2024-02-16T23:56:58.850+0000] {logging_mixin.py:154} INFO - [2024-02-16T23:56:58.849+0000] {dagbag.py:536} INFO - Filling up the DagBag from /home/airflow/.local/lib/python3.8/site-packages/airflow/example_dags/tutorial_dag.py
[2024-02-16T23:56:58.853+0000] {processor.py:839} INFO - DAG(s) dict_keys(['tutorial_dag']) retrieved from /home/airflow/.local/lib/python3.8/site-packages/airflow/example_dags/tutorial_dag.py
[2024-02-16T23:56:58.908+0000] {logging_mixin.py:154} INFO - [2024-02-16T23:56:58.908+0000] {dag.py:2941} INFO - Sync 1 DAGs
[2024-02-16T23:56:58.921+0000] {logging_mixin.py:154} INFO - [2024-02-16T23:56:58.921+0000] {dag.py:3722} INFO - Setting next_dagrun for tutorial_dag to None, run_after=None
[2024-02-16T23:56:58.938+0000] {processor.py:179} INFO - Processing /home/airflow/.local/lib/python3.8/site-packages/airflow/example_dags/tutorial_dag.py took 0.093 seconds
[2024-02-16T23:57:29.290+0000] {processor.py:157} INFO - Started process (PID=4050) to work on /home/airflow/.local/lib/python3.8/site-packages/airflow/example_dags/tutorial_dag.py
[2024-02-16T23:57:29.291+0000] {processor.py:829} INFO - Processing file /home/airflow/.local/lib/python3.8/site-packages/airflow/example_dags/tutorial_dag.py for tasks to queue
[2024-02-16T23:57:29.293+0000] {logging_mixin.py:154} INFO - [2024-02-16T23:57:29.293+0000] {dagbag.py:536} INFO - Filling up the DagBag from /home/airflow/.local/lib/python3.8/site-packages/airflow/example_dags/tutorial_dag.py
[2024-02-16T23:57:29.296+0000] {processor.py:839} INFO - DAG(s) dict_keys(['tutorial_dag']) retrieved from /home/airflow/.local/lib/python3.8/site-packages/airflow/example_dags/tutorial_dag.py
[2024-02-16T23:57:29.352+0000] {logging_mixin.py:154} INFO - [2024-02-16T23:57:29.352+0000] {dag.py:2941} INFO - Sync 1 DAGs
[2024-02-16T23:57:29.365+0000] {logging_mixin.py:154} INFO - [2024-02-16T23:57:29.365+0000] {dag.py:3722} INFO - Setting next_dagrun for tutorial_dag to None, run_after=None
[2024-02-16T23:57:29.381+0000] {processor.py:179} INFO - Processing /home/airflow/.local/lib/python3.8/site-packages/airflow/example_dags/tutorial_dag.py took 0.093 seconds
[2024-02-16T23:57:59.599+0000] {processor.py:157} INFO - Started process (PID=4104) to work on /home/airflow/.local/lib/python3.8/site-packages/airflow/example_dags/tutorial_dag.py
[2024-02-16T23:57:59.601+0000] {processor.py:829} INFO - Processing file /home/airflow/.local/lib/python3.8/site-packages/airflow/example_dags/tutorial_dag.py for tasks to queue
[2024-02-16T23:57:59.602+0000] {logging_mixin.py:154} INFO - [2024-02-16T23:57:59.602+0000] {dagbag.py:536} INFO - Filling up the DagBag from /home/airflow/.local/lib/python3.8/site-packages/airflow/example_dags/tutorial_dag.py
[2024-02-16T23:57:59.606+0000] {processor.py:839} INFO - DAG(s) dict_keys(['tutorial_dag']) retrieved from /home/airflow/.local/lib/python3.8/site-packages/airflow/example_dags/tutorial_dag.py
[2024-02-16T23:57:59.664+0000] {logging_mixin.py:154} INFO - [2024-02-16T23:57:59.664+0000] {dag.py:2941} INFO - Sync 1 DAGs
[2024-02-16T23:57:59.676+0000] {logging_mixin.py:154} INFO - [2024-02-16T23:57:59.676+0000] {dag.py:3722} INFO - Setting next_dagrun for tutorial_dag to None, run_after=None
[2024-02-16T23:57:59.693+0000] {processor.py:179} INFO - Processing /home/airflow/.local/lib/python3.8/site-packages/airflow/example_dags/tutorial_dag.py took 0.097 seconds
[2024-02-16T23:58:29.949+0000] {processor.py:157} INFO - Started process (PID=4158) to work on /home/airflow/.local/lib/python3.8/site-packages/airflow/example_dags/tutorial_dag.py
[2024-02-16T23:58:29.950+0000] {processor.py:829} INFO - Processing file /home/airflow/.local/lib/python3.8/site-packages/airflow/example_dags/tutorial_dag.py for tasks to queue
[2024-02-16T23:58:29.952+0000] {logging_mixin.py:154} INFO - [2024-02-16T23:58:29.951+0000] {dagbag.py:536} INFO - Filling up the DagBag from /home/airflow/.local/lib/python3.8/site-packages/airflow/example_dags/tutorial_dag.py
[2024-02-16T23:58:29.955+0000] {processor.py:839} INFO - DAG(s) dict_keys(['tutorial_dag']) retrieved from /home/airflow/.local/lib/python3.8/site-packages/airflow/example_dags/tutorial_dag.py
[2024-02-16T23:58:30.012+0000] {logging_mixin.py:154} INFO - [2024-02-16T23:58:30.012+0000] {dag.py:2941} INFO - Sync 1 DAGs
[2024-02-16T23:58:30.024+0000] {logging_mixin.py:154} INFO - [2024-02-16T23:58:30.024+0000] {dag.py:3722} INFO - Setting next_dagrun for tutorial_dag to None, run_after=None
[2024-02-16T23:58:30.040+0000] {processor.py:179} INFO - Processing /home/airflow/.local/lib/python3.8/site-packages/airflow/example_dags/tutorial_dag.py took 0.093 seconds
[2024-02-16T23:59:00.558+0000] {processor.py:157} INFO - Started process (PID=4212) to work on /home/airflow/.local/lib/python3.8/site-packages/airflow/example_dags/tutorial_dag.py
[2024-02-16T23:59:00.559+0000] {processor.py:829} INFO - Processing file /home/airflow/.local/lib/python3.8/site-packages/airflow/example_dags/tutorial_dag.py for tasks to queue
[2024-02-16T23:59:00.560+0000] {logging_mixin.py:154} INFO - [2024-02-16T23:59:00.560+0000] {dagbag.py:536} INFO - Filling up the DagBag from /home/airflow/.local/lib/python3.8/site-packages/airflow/example_dags/tutorial_dag.py
[2024-02-16T23:59:00.564+0000] {processor.py:839} INFO - DAG(s) dict_keys(['tutorial_dag']) retrieved from /home/airflow/.local/lib/python3.8/site-packages/airflow/example_dags/tutorial_dag.py
[2024-02-16T23:59:00.626+0000] {logging_mixin.py:154} INFO - [2024-02-16T23:59:00.626+0000] {dag.py:2941} INFO - Sync 1 DAGs
[2024-02-16T23:59:00.639+0000] {logging_mixin.py:154} INFO - [2024-02-16T23:59:00.639+0000] {dag.py:3722} INFO - Setting next_dagrun for tutorial_dag to None, run_after=None
[2024-02-16T23:59:00.656+0000] {processor.py:179} INFO - Processing /home/airflow/.local/lib/python3.8/site-packages/airflow/example_dags/tutorial_dag.py took 0.100 seconds
[2024-02-16T23:59:30.991+0000] {processor.py:157} INFO - Started process (PID=4266) to work on /home/airflow/.local/lib/python3.8/site-packages/airflow/example_dags/tutorial_dag.py
[2024-02-16T23:59:30.993+0000] {processor.py:829} INFO - Processing file /home/airflow/.local/lib/python3.8/site-packages/airflow/example_dags/tutorial_dag.py for tasks to queue
[2024-02-16T23:59:30.995+0000] {logging_mixin.py:154} INFO - [2024-02-16T23:59:30.994+0000] {dagbag.py:536} INFO - Filling up the DagBag from /home/airflow/.local/lib/python3.8/site-packages/airflow/example_dags/tutorial_dag.py
[2024-02-16T23:59:30.998+0000] {processor.py:839} INFO - DAG(s) dict_keys(['tutorial_dag']) retrieved from /home/airflow/.local/lib/python3.8/site-packages/airflow/example_dags/tutorial_dag.py
[2024-02-16T23:59:31.053+0000] {logging_mixin.py:154} INFO - [2024-02-16T23:59:31.053+0000] {dag.py:2941} INFO - Sync 1 DAGs
[2024-02-16T23:59:31.066+0000] {logging_mixin.py:154} INFO - [2024-02-16T23:59:31.066+0000] {dag.py:3722} INFO - Setting next_dagrun for tutorial_dag to None, run_after=None
[2024-02-16T23:59:31.082+0000] {processor.py:179} INFO - Processing /home/airflow/.local/lib/python3.8/site-packages/airflow/example_dags/tutorial_dag.py took 0.093 seconds
